This is pdfTeX, Version 3.14159265-2.6-1.40.15 (TeX Live 2014) (preloaded format=pdflatex 2014.11.25)  2 APR 2016 19:21
entering extended mode
 restricted \write18 enabled.
 file:line:error style messages enabled.
 %&-line parsing enabled.
**presentation_1.tex
(./presentation_1.tex
LaTeX2e <2014/05/01>
Babel <3.9k> and hyphenation patterns for 78 languages loaded.
(/usr/local/texlive/2014/texmf-dist/tex/latex/beamer/beamer.cls
(/usr/local/texlive/2014/texmf-dist/tex/latex/beamer/beamerbasercs.sty
Package: beamerbasercs 2013/12/25 (rcs-revision 31cc758a62ae)
)
Document Class: beamer 2013/12/02 3.33 A class for typesetting presentations (r
cs-revision 332bfd3ce558)
(/usr/local/texlive/2014/texmf-dist/tex/latex/beamer/beamerbasemodes.sty
Package: beamerbasemodes 2013/09/03 (rcs-revision 768f2d98ca64)
\beamer@tempbox=\box26
\beamer@tempcount=\count79
\c@beamerpauses=\count80

(/usr/local/texlive/2014/texmf-dist/tex/latex/beamer/beamerbasedecode.sty
Package: beamerbasedecode 2010/05/01 (rcs-revision efa082c6111d)
\beamer@slideinframe=\count81
\beamer@minimum=\count82
)
\beamer@commentbox=\box27
\beamer@modecount=\count83
)
(/usr/local/texlive/2014/texmf-dist/tex/generic/oberdiek/ifpdf.sty
Package: ifpdf 2011/01/30 v2.3 Provides the ifpdf switch (HO)
Package ifpdf Info: pdfTeX in PDF mode is detected.
)
\headheight=\dimen102
\headdp=\dimen103
\footheight=\dimen104
\sidebarheight=\dimen105
\beamer@tempdim=\dimen106
\beamer@finalheight=\dimen107
\beamer@animht=\dimen108
\beamer@animdp=\dimen109
\beamer@animwd=\dimen110
\beamer@leftmargin=\dimen111
\beamer@rightmargin=\dimen112
\beamer@leftsidebar=\dimen113
\beamer@rightsidebar=\dimen114
\beamer@boxsize=\dimen115
\beamer@vboxoffset=\dimen116
\beamer@descdefault=\dimen117
\beamer@descriptionwidth=\dimen118
\beamer@lastskip=\skip41
\beamer@areabox=\box28
\beamer@animcurrent=\box29
\beamer@animshowbox=\box30
\beamer@sectionbox=\box31
\beamer@logobox=\box32
\beamer@linebox=\box33
\beamer@sectioncount=\count84
\beamer@subsubsectionmax=\count85
\beamer@subsectionmax=\count86
\beamer@sectionmax=\count87
\beamer@totalheads=\count88
\beamer@headcounter=\count89
\beamer@partstartpage=\count90
\beamer@sectionstartpage=\count91
\beamer@subsectionstartpage=\count92
\beamer@animationtempa=\count93
\beamer@animationtempb=\count94
\beamer@xpos=\count95
\beamer@ypos=\count96
\beamer@showpartnumber=\count97
\beamer@currentsubsection=\count98
\beamer@coveringdepth=\count99
\beamer@sectionadjust=\count100
\beamer@tocsectionnumber=\count101

(/usr/local/texlive/2014/texmf-dist/tex/latex/beamer/beamerbaseoptions.sty
Package: beamerbaseoptions 2013/03/10 (rcs-revision 47431932db0d)

(/usr/local/texlive/2014/texmf-dist/tex/latex/graphics/keyval.sty
Package: keyval 2014/05/08 v1.15 key=value parser (DPC)
\KV@toks@=\toks14
))
\beamer@paperwidth=\skip42
\beamer@paperheight=\skip43

(/usr/local/texlive/2014/texmf-dist/tex/latex/geometry/geometry.sty
Package: geometry 2010/09/12 v5.6 Page Geometry

(/usr/local/texlive/2014/texmf-dist/tex/generic/oberdiek/ifvtex.sty
Package: ifvtex 2010/03/01 v1.5 Detect VTeX and its facilities (HO)
Package ifvtex Info: VTeX not detected.
)
(/usr/local/texlive/2014/texmf-dist/tex/generic/ifxetex/ifxetex.sty
Package: ifxetex 2010/09/12 v0.6 Provides ifxetex conditional
)
\Gm@cnth=\count102
\Gm@cntv=\count103
\c@Gm@tempcnt=\count104
\Gm@bindingoffset=\dimen119
\Gm@wd@mp=\dimen120
\Gm@odd@mp=\dimen121
\Gm@even@mp=\dimen122
\Gm@layoutwidth=\dimen123
\Gm@layoutheight=\dimen124
\Gm@layouthoffset=\dimen125
\Gm@layoutvoffset=\dimen126
\Gm@dimlist=\toks15
)
(/usr/local/texlive/2014/texmf-dist/tex/latex/base/size11.clo
File: size11.clo 2007/10/19 v1.4h Standard LaTeX file (size option)
)
(/usr/local/texlive/2014/texmf-dist/tex/latex/pgf/basiclayer/pgfcore.sty
(/usr/local/texlive/2014/texmf-dist/tex/latex/graphics/graphicx.sty
Package: graphicx 2014/04/25 v1.0g Enhanced LaTeX Graphics (DPC,SPQR)

(/usr/local/texlive/2014/texmf-dist/tex/latex/graphics/graphics.sty
Package: graphics 2009/02/05 v1.0o Standard LaTeX Graphics (DPC,SPQR)

(/usr/local/texlive/2014/texmf-dist/tex/latex/graphics/trig.sty
Package: trig 1999/03/16 v1.09 sin cos tan (DPC)
)
(/usr/local/texlive/2014/texmf-dist/tex/latex/latexconfig/graphics.cfg
File: graphics.cfg 2010/04/23 v1.9 graphics configuration of TeX Live
)
Package graphics Info: Driver file: pdftex.def on input line 91.

(/usr/local/texlive/2014/texmf-dist/tex/latex/pdftex-def/pdftex.def
File: pdftex.def 2011/05/27 v0.06d Graphics/color for pdfTeX

(/usr/local/texlive/2014/texmf-dist/tex/generic/oberdiek/infwarerr.sty
Package: infwarerr 2010/04/08 v1.3 Providing info/warning/error messages (HO)
)
(/usr/local/texlive/2014/texmf-dist/tex/generic/oberdiek/ltxcmds.sty
Package: ltxcmds 2011/11/09 v1.22 LaTeX kernel commands for general use (HO)
)
\Gread@gobject=\count105
))
\Gin@req@height=\dimen127
\Gin@req@width=\dimen128
)
(/usr/local/texlive/2014/texmf-dist/tex/latex/pgf/systemlayer/pgfsys.sty
(/usr/local/texlive/2014/texmf-dist/tex/latex/pgf/utilities/pgfrcs.sty
(/usr/local/texlive/2014/texmf-dist/tex/generic/pgf/utilities/pgfutil-common.te
x
\pgfutil@everybye=\toks16
\pgfutil@tempdima=\dimen129
\pgfutil@tempdimb=\dimen130

(/usr/local/texlive/2014/texmf-dist/tex/generic/pgf/utilities/pgfutil-common-li
sts.tex))
(/usr/local/texlive/2014/texmf-dist/tex/generic/pgf/utilities/pgfutil-latex.def
\pgfutil@abb=\box34
(/usr/local/texlive/2014/texmf-dist/tex/latex/ms/everyshi.sty
Package: everyshi 2001/05/15 v3.00 EveryShipout Package (MS)
))
(/usr/local/texlive/2014/texmf-dist/tex/generic/pgf/utilities/pgfrcs.code.tex
Package: pgfrcs 2013/12/20 v3.0.0 (rcs-revision 1.28)
))
(/usr/local/texlive/2014/texmf-dist/tex/generic/pgf/systemlayer/pgfsys.code.tex
Package: pgfsys 2013/11/30 v3.0.0 (rcs-revision 1.47)
(/usr/local/texlive/2014/texmf-dist/tex/generic/pgf/utilities/pgfkeys.code.tex
\pgfkeys@pathtoks=\toks17
\pgfkeys@temptoks=\toks18

(/usr/local/texlive/2014/texmf-dist/tex/generic/pgf/utilities/pgfkeysfiltered.c
ode.tex
\pgfkeys@tmptoks=\toks19
))
\pgf@x=\dimen131
\pgf@y=\dimen132
\pgf@xa=\dimen133
\pgf@ya=\dimen134
\pgf@xb=\dimen135
\pgf@yb=\dimen136
\pgf@xc=\dimen137
\pgf@yc=\dimen138
\w@pgf@writea=\write3
\r@pgf@reada=\read1
\c@pgf@counta=\count106
\c@pgf@countb=\count107
\c@pgf@countc=\count108
\c@pgf@countd=\count109
\t@pgf@toka=\toks20
\t@pgf@tokb=\toks21
\t@pgf@tokc=\toks22

(/usr/local/texlive/2014/texmf-dist/tex/generic/pgf/systemlayer/pgf.cfg
File: pgf.cfg 2008/05/14  (rcs-revision 1.7)
)
Driver file for pgf: pgfsys-pdftex.def

(/usr/local/texlive/2014/texmf-dist/tex/generic/pgf/systemlayer/pgfsys-pdftex.d
ef
File: pgfsys-pdftex.def 2013/07/18  (rcs-revision 1.33)

(/usr/local/texlive/2014/texmf-dist/tex/generic/pgf/systemlayer/pgfsys-common-p
df.def
File: pgfsys-common-pdf.def 2013/10/10  (rcs-revision 1.13)
)))
(/usr/local/texlive/2014/texmf-dist/tex/generic/pgf/systemlayer/pgfsyssoftpath.
code.tex
File: pgfsyssoftpath.code.tex 2013/09/09  (rcs-revision 1.9)
\pgfsyssoftpath@smallbuffer@items=\count110
\pgfsyssoftpath@bigbuffer@items=\count111
)
(/usr/local/texlive/2014/texmf-dist/tex/generic/pgf/systemlayer/pgfsysprotocol.
code.tex
File: pgfsysprotocol.code.tex 2006/10/16  (rcs-revision 1.4)
)) (/usr/local/texlive/2014/texmf-dist/tex/latex/xcolor/xcolor.sty
Package: xcolor 2007/01/21 v2.11 LaTeX color extensions (UK)

(/usr/local/texlive/2014/texmf-dist/tex/latex/latexconfig/color.cfg
File: color.cfg 2007/01/18 v1.5 color configuration of teTeX/TeXLive
)
Package xcolor Info: Driver file: pdftex.def on input line 225.
Package xcolor Info: Model `cmy' substituted by `cmy0' on input line 1337.
Package xcolor Info: Model `hsb' substituted by `rgb' on input line 1341.
Package xcolor Info: Model `RGB' extended on input line 1353.
Package xcolor Info: Model `HTML' substituted by `rgb' on input line 1355.
Package xcolor Info: Model `Hsb' substituted by `hsb' on input line 1356.
Package xcolor Info: Model `tHsb' substituted by `hsb' on input line 1357.
Package xcolor Info: Model `HSB' substituted by `hsb' on input line 1358.
Package xcolor Info: Model `Gray' substituted by `gray' on input line 1359.
Package xcolor Info: Model `wave' substituted by `hsb' on input line 1360.
)
(/usr/local/texlive/2014/texmf-dist/tex/generic/pgf/basiclayer/pgfcore.code.tex
Package: pgfcore 2010/04/11 v3.0.0 (rcs-revision 1.7)
(/usr/local/texlive/2014/texmf-dist/tex/generic/pgf/math/pgfmath.code.tex
(/usr/local/texlive/2014/texmf-dist/tex/generic/pgf/math/pgfmathcalc.code.tex
(/usr/local/texlive/2014/texmf-dist/tex/generic/pgf/math/pgfmathutil.code.tex)
(/usr/local/texlive/2014/texmf-dist/tex/generic/pgf/math/pgfmathparser.code.tex
\pgfmath@dimen=\dimen139
\pgfmath@count=\count112
\pgfmath@box=\box35
\pgfmath@toks=\toks23
\pgfmath@stack@operand=\toks24
\pgfmath@stack@operation=\toks25
)
(/usr/local/texlive/2014/texmf-dist/tex/generic/pgf/math/pgfmathfunctions.code.
tex
(/usr/local/texlive/2014/texmf-dist/tex/generic/pgf/math/pgfmathfunctions.basic
.code.tex)
(/usr/local/texlive/2014/texmf-dist/tex/generic/pgf/math/pgfmathfunctions.trigo
nometric.code.tex)
(/usr/local/texlive/2014/texmf-dist/tex/generic/pgf/math/pgfmathfunctions.rando
m.code.tex)
(/usr/local/texlive/2014/texmf-dist/tex/generic/pgf/math/pgfmathfunctions.compa
rison.code.tex)
(/usr/local/texlive/2014/texmf-dist/tex/generic/pgf/math/pgfmathfunctions.base.
code.tex)
(/usr/local/texlive/2014/texmf-dist/tex/generic/pgf/math/pgfmathfunctions.round
.code.tex)
(/usr/local/texlive/2014/texmf-dist/tex/generic/pgf/math/pgfmathfunctions.misc.
code.tex)
(/usr/local/texlive/2014/texmf-dist/tex/generic/pgf/math/pgfmathfunctions.integ
erarithmetics.code.tex)))
(/usr/local/texlive/2014/texmf-dist/tex/generic/pgf/math/pgfmathfloat.code.tex
\c@pgfmathroundto@lastzeros=\count113
))
(/usr/local/texlive/2014/texmf-dist/tex/generic/pgf/basiclayer/pgfcorepoints.co
de.tex
File: pgfcorepoints.code.tex 2013/10/07  (rcs-revision 1.27)
\pgf@picminx=\dimen140
\pgf@picmaxx=\dimen141
\pgf@picminy=\dimen142
\pgf@picmaxy=\dimen143
\pgf@pathminx=\dimen144
\pgf@pathmaxx=\dimen145
\pgf@pathminy=\dimen146
\pgf@pathmaxy=\dimen147
\pgf@xx=\dimen148
\pgf@xy=\dimen149
\pgf@yx=\dimen150
\pgf@yy=\dimen151
\pgf@zx=\dimen152
\pgf@zy=\dimen153
)
(/usr/local/texlive/2014/texmf-dist/tex/generic/pgf/basiclayer/pgfcorepathconst
ruct.code.tex
File: pgfcorepathconstruct.code.tex 2013/10/07  (rcs-revision 1.29)
\pgf@path@lastx=\dimen154
\pgf@path@lasty=\dimen155
)
(/usr/local/texlive/2014/texmf-dist/tex/generic/pgf/basiclayer/pgfcorepathusage
.code.tex
File: pgfcorepathusage.code.tex 2013/12/13  (rcs-revision 1.23)
\pgf@shorten@end@additional=\dimen156
\pgf@shorten@start@additional=\dimen157
)
(/usr/local/texlive/2014/texmf-dist/tex/generic/pgf/basiclayer/pgfcorescopes.co
de.tex
File: pgfcorescopes.code.tex 2013/10/09  (rcs-revision 1.44)
\pgfpic=\box36
\pgf@hbox=\box37
\pgf@layerbox@main=\box38
\pgf@picture@serial@count=\count114
)
(/usr/local/texlive/2014/texmf-dist/tex/generic/pgf/basiclayer/pgfcoregraphicst
ate.code.tex
File: pgfcoregraphicstate.code.tex 2013/09/19  (rcs-revision 1.11)
\pgflinewidth=\dimen158
)
(/usr/local/texlive/2014/texmf-dist/tex/generic/pgf/basiclayer/pgfcoretransform
ations.code.tex
File: pgfcoretransformations.code.tex 2013/10/10  (rcs-revision 1.17)
\pgf@pt@x=\dimen159
\pgf@pt@y=\dimen160
\pgf@pt@temp=\dimen161
)
(/usr/local/texlive/2014/texmf-dist/tex/generic/pgf/basiclayer/pgfcorequick.cod
e.tex
File: pgfcorequick.code.tex 2008/10/09  (rcs-revision 1.3)
)
(/usr/local/texlive/2014/texmf-dist/tex/generic/pgf/basiclayer/pgfcoreobjects.c
ode.tex
File: pgfcoreobjects.code.tex 2006/10/11  (rcs-revision 1.2)
)
(/usr/local/texlive/2014/texmf-dist/tex/generic/pgf/basiclayer/pgfcorepathproce
ssing.code.tex
File: pgfcorepathprocessing.code.tex 2013/09/09  (rcs-revision 1.9)
)
(/usr/local/texlive/2014/texmf-dist/tex/generic/pgf/basiclayer/pgfcorearrows.co
de.tex
File: pgfcorearrows.code.tex 2013/11/07  (rcs-revision 1.40)
\pgfarrowsep=\dimen162
)
(/usr/local/texlive/2014/texmf-dist/tex/generic/pgf/basiclayer/pgfcoreshade.cod
e.tex
File: pgfcoreshade.code.tex 2013/07/15  (rcs-revision 1.15)
\pgf@max=\dimen163
\pgf@sys@shading@range@num=\count115
)
(/usr/local/texlive/2014/texmf-dist/tex/generic/pgf/basiclayer/pgfcoreimage.cod
e.tex
File: pgfcoreimage.code.tex 2013/07/15  (rcs-revision 1.18)

(/usr/local/texlive/2014/texmf-dist/tex/generic/pgf/basiclayer/pgfcoreexternal.
code.tex
File: pgfcoreexternal.code.tex 2013/07/15  (rcs-revision 1.20)
\pgfexternal@startupbox=\box39
))
(/usr/local/texlive/2014/texmf-dist/tex/generic/pgf/basiclayer/pgfcorelayers.co
de.tex
File: pgfcorelayers.code.tex 2013/07/18  (rcs-revision 1.7)
)
(/usr/local/texlive/2014/texmf-dist/tex/generic/pgf/basiclayer/pgfcoretranspare
ncy.code.tex
File: pgfcoretransparency.code.tex 2013/09/30  (rcs-revision 1.5)
)
(/usr/local/texlive/2014/texmf-dist/tex/generic/pgf/basiclayer/pgfcorepatterns.
code.tex
File: pgfcorepatterns.code.tex 2013/11/07  (rcs-revision 1.5)
)))
(/usr/local/texlive/2014/texmf-dist/tex/latex/pgf/utilities/xxcolor.sty
Package: xxcolor 2003/10/24 ver 0.1
\XC@nummixins=\count116
\XC@countmixins=\count117
)
(/usr/local/texlive/2014/texmf-dist/tex/generic/oberdiek/atbegshi.sty
Package: atbegshi 2011/10/05 v1.16 At begin shipout hook (HO)
)
(/usr/local/texlive/2014/texmf-dist/tex/latex/hyperref/hyperref.sty
Package: hyperref 2012/11/06 v6.83m Hypertext links for LaTeX

(/usr/local/texlive/2014/texmf-dist/tex/generic/oberdiek/hobsub-hyperref.sty
Package: hobsub-hyperref 2012/05/28 v1.13 Bundle oberdiek, subset hyperref (HO)


(/usr/local/texlive/2014/texmf-dist/tex/generic/oberdiek/hobsub-generic.sty
Package: hobsub-generic 2012/05/28 v1.13 Bundle oberdiek, subset generic (HO)
Package: hobsub 2012/05/28 v1.13 Construct package bundles (HO)
Package hobsub Info: Skipping package `infwarerr' (already loaded).
Package hobsub Info: Skipping package `ltxcmds' (already loaded).
Package: ifluatex 2010/03/01 v1.3 Provides the ifluatex switch (HO)
Package ifluatex Info: LuaTeX not detected.
Package hobsub Info: Skipping package `ifvtex' (already loaded).
Package: intcalc 2007/09/27 v1.1 Expandable calculations with integers (HO)
Package hobsub Info: Skipping package `ifpdf' (already loaded).
Package: etexcmds 2011/02/16 v1.5 Avoid name clashes with e-TeX commands (HO)
Package etexcmds Info: Could not find \expanded.
(etexcmds)             That can mean that you are not using pdfTeX 1.50 or
(etexcmds)             that some package has redefined \expanded.
(etexcmds)             In the latter case, load this package earlier.
Package: kvsetkeys 2012/04/25 v1.16 Key value parser (HO)
Package: kvdefinekeys 2011/04/07 v1.3 Define keys (HO)
Package: pdftexcmds 2011/11/29 v0.20 Utility functions of pdfTeX for LuaTeX (HO
)
Package pdftexcmds Info: LuaTeX not detected.
Package pdftexcmds Info: \pdf@primitive is available.
Package pdftexcmds Info: \pdf@ifprimitive is available.
Package pdftexcmds Info: \pdfdraftmode found.
Package: pdfescape 2011/11/25 v1.13 Implements pdfTeX's escape features (HO)
Package: bigintcalc 2012/04/08 v1.3 Expandable calculations on big integers (HO
)
Package: bitset 2011/01/30 v1.1 Handle bit-vector datatype (HO)
Package: uniquecounter 2011/01/30 v1.2 Provide unlimited unique counter (HO)
)
Package hobsub Info: Skipping package `hobsub' (already loaded).
Package: letltxmacro 2010/09/02 v1.4 Let assignment for LaTeX macros (HO)
Package: hopatch 2012/05/28 v1.2 Wrapper for package hooks (HO)
Package: xcolor-patch 2011/01/30 xcolor patch
Package: atveryend 2011/06/30 v1.8 Hooks at the very end of document (HO)
Package atveryend Info: \enddocument detected (standard20110627).
Package hobsub Info: Skipping package `atbegshi' (already loaded).
Package: refcount 2011/10/16 v3.4 Data extraction from label references (HO)
Package: hycolor 2011/01/30 v1.7 Color options for hyperref/bookmark (HO)
)
(/usr/local/texlive/2014/texmf-dist/tex/latex/oberdiek/auxhook.sty
Package: auxhook 2011/03/04 v1.3 Hooks for auxiliary files (HO)
)
(/usr/local/texlive/2014/texmf-dist/tex/latex/oberdiek/kvoptions.sty
Package: kvoptions 2011/06/30 v3.11 Key value format for package options (HO)
)
\@linkdim=\dimen164
\Hy@linkcounter=\count118
\Hy@pagecounter=\count119

(/usr/local/texlive/2014/texmf-dist/tex/latex/hyperref/pd1enc.def
File: pd1enc.def 2012/11/06 v6.83m Hyperref: PDFDocEncoding definition (HO)
)
\Hy@SavedSpaceFactor=\count120

(/usr/local/texlive/2014/texmf-dist/tex/latex/latexconfig/hyperref.cfg
File: hyperref.cfg 2002/06/06 v1.2 hyperref configuration of TeXLive
)
Package hyperref Info: Option `bookmarks' set `true' on input line 4319.
Package hyperref Info: Option `bookmarksopen' set `true' on input line 4319.
Package hyperref Info: Option `implicit' set `false' on input line 4319.
Package hyperref Info: Hyper figures OFF on input line 4443.
Package hyperref Info: Link nesting OFF on input line 4448.
Package hyperref Info: Hyper index ON on input line 4451.
Package hyperref Info: Plain pages OFF on input line 4458.
Package hyperref Info: Backreferencing OFF on input line 4463.
Package hyperref Info: Implicit mode OFF; no redefinition of LaTeX internals.
Package hyperref Info: Bookmarks ON on input line 4688.
\c@Hy@tempcnt=\count121

(/usr/local/texlive/2014/texmf-dist/tex/latex/url/url.sty
\Urlmuskip=\muskip10
Package: url 2013/09/16  ver 3.4  Verb mode for urls, etc.
)
LaTeX Info: Redefining \url on input line 5041.
\XeTeXLinkMargin=\dimen165
\Fld@menulength=\count122
\Field@Width=\dimen166
\Fld@charsize=\dimen167
Package hyperref Info: Hyper figures OFF on input line 6295.
Package hyperref Info: Link nesting OFF on input line 6300.
Package hyperref Info: Hyper index ON on input line 6303.
Package hyperref Info: backreferencing OFF on input line 6310.
Package hyperref Info: Link coloring OFF on input line 6315.
Package hyperref Info: Link coloring with OCG OFF on input line 6320.
Package hyperref Info: PDF/A mode OFF on input line 6325.
LaTeX Info: Redefining \ref on input line 6365.
LaTeX Info: Redefining \pageref on input line 6369.
\Hy@abspage=\count123


Package hyperref Message: Stopped early.

)

Package hyperref Message: Driver (autodetected): hpdftex.

(/usr/local/texlive/2014/texmf-dist/tex/latex/hyperref/hpdftex.def
File: hpdftex.def 2012/11/06 v6.83m Hyperref driver for pdfTeX
\Fld@listcount=\count124
\c@bookmark@seq@number=\count125

(/usr/local/texlive/2014/texmf-dist/tex/latex/oberdiek/rerunfilecheck.sty
Package: rerunfilecheck 2011/04/15 v1.7 Rerun checks for auxiliary files (HO)
Package uniquecounter Info: New unique counter `rerunfilecheck' on input line 2
82.
))
(/usr/local/texlive/2014/texmf-dist/tex/latex/beamer/beamerbaserequires.sty
Package: beamerbaserequires 2010/05/01  (rcs-revision efa082c6111d)

(/usr/local/texlive/2014/texmf-dist/tex/latex/beamer/beamerbasecompatibility.st
y
Package: beamerbasecompatibility 2012/05/01  (rcs-revision 67c48b3b652d)
) (/usr/local/texlive/2014/texmf-dist/tex/latex/beamer/beamerbasefont.sty
Package: beamerbasefont 2013/10/18  (rcs-revision 72f39e01808a)

(/usr/local/texlive/2014/texmf-dist/tex/latex/amsfonts/amssymb.sty
Package: amssymb 2013/01/14 v3.01 AMS font symbols

(/usr/local/texlive/2014/texmf-dist/tex/latex/amsfonts/amsfonts.sty
Package: amsfonts 2013/01/14 v3.01 Basic AMSFonts support
\@emptytoks=\toks26
\symAMSa=\mathgroup4
\symAMSb=\mathgroup5
LaTeX Font Info:    Overwriting math alphabet `\mathfrak' in version `bold'
(Font)                  U/euf/m/n --> U/euf/b/n on input line 106.
))
(/usr/local/texlive/2014/texmf-dist/tex/latex/sansmathaccent/sansmathaccent.sty
Package: sansmathaccent 2013/03/28
(/usr/local/texlive/2014/texmf-dist/tex/latex/filehook/filehook.sty
Package: filehook 2011/10/12 v0.5d Hooks for input files
)))
(/usr/local/texlive/2014/texmf-dist/tex/latex/beamer/beamerbasetranslator.sty
Package: beamerbasetranslator 2010/06/11  (rcs-revision 85fd1cc7fc42)

(/usr/local/texlive/2014/texmf-dist/tex/latex/beamer/translator/translator.sty
Package: translator 2010/06/12 ver 1.10

(/usr/local/texlive/2014/texmf-dist/tex/latex/beamer/translator/translator-lang
uage-mappings.tex)))
(/usr/local/texlive/2014/texmf-dist/tex/latex/beamer/beamerbasemisc.sty
Package: beamerbasemisc 2013/09/03  (rcs-revision a55719c41d85)
)
(/usr/local/texlive/2014/texmf-dist/tex/latex/beamer/beamerbasetwoscreens.sty
Package: beamerbasetwoscreens 2010/05/01  (rcs-revision efa082c6111d)
)
(/usr/local/texlive/2014/texmf-dist/tex/latex/beamer/beamerbaseoverlay.sty
Package: beamerbaseoverlay 2013/12/25  (rcs-revision f6bd5e3805da)
\beamer@argscount=\count126
\beamer@lastskipcover=\skip44
\beamer@trivlistdepth=\count127
)
(/usr/local/texlive/2014/texmf-dist/tex/latex/beamer/beamerbasetitle.sty
Package: beamerbasetitle 2010/09/21  (rcs-revision f0446ed0b6ae)
)
(/usr/local/texlive/2014/texmf-dist/tex/latex/beamer/beamerbasesection.sty
Package: beamerbasesection 2013/06/07  (rcs-revision 60b9fe0f342f)
\c@lecture=\count128
\c@part=\count129
\c@section=\count130
\c@subsection=\count131
\c@subsubsection=\count132
)
(/usr/local/texlive/2014/texmf-dist/tex/latex/beamer/beamerbaseframe.sty
Package: beamerbaseframe 2013/10/02  (rcs-revision cdc8e9a3aaac)
\beamer@framebox=\box40
\beamer@frametitlebox=\box41
\beamer@zoombox=\box42
\beamer@zoomcount=\count133
\beamer@zoomframecount=\count134
\beamer@frametextheight=\dimen168
\c@subsectionslide=\count135
\beamer@frametopskip=\skip45
\beamer@framebottomskip=\skip46
\beamer@frametopskipautobreak=\skip47
\beamer@framebottomskipautobreak=\skip48
\beamer@envbody=\toks27
\framewidth=\dimen169
\c@framenumber=\count136
)
(/usr/local/texlive/2014/texmf-dist/tex/latex/beamer/beamerbaseverbatim.sty
Package: beamerbaseverbatim 2012/08/30  (rcs-revision dfdb135076b3)
\beamer@verbatimfileout=\write4
)
(/usr/local/texlive/2014/texmf-dist/tex/latex/beamer/beamerbaseframesize.sty
Package: beamerbaseframesize 2011/09/12  (rcs-revision 70f9d8411e54)
\beamer@splitbox=\box43
\beamer@autobreakcount=\count137
\beamer@autobreaklastheight=\dimen170
\beamer@frametitletoks=\toks28
\beamer@framesubtitletoks=\toks29
)
(/usr/local/texlive/2014/texmf-dist/tex/latex/beamer/beamerbaseframecomponents.
sty
Package: beamerbaseframecomponents 2013/10/18  (rcs-revision 5cf6c5555a45)
\beamer@footins=\box44
) (/usr/local/texlive/2014/texmf-dist/tex/latex/beamer/beamerbasecolor.sty
Package: beamerbasecolor 2010/06/06  (rcs-revision d1a9b48be06d)
)
(/usr/local/texlive/2014/texmf-dist/tex/latex/beamer/beamerbasenotes.sty
Package: beamerbasenotes 2012/12/19  (rcs-revision 1686da3db3c9)
\beamer@frameboxcopy=\box45
)
(/usr/local/texlive/2014/texmf-dist/tex/latex/beamer/beamerbasetoc.sty
Package: beamerbasetoc 2013/05/23  (rcs-revision 0fdf5bc43be8)
)
(/usr/local/texlive/2014/texmf-dist/tex/latex/beamer/beamerbasetemplates.sty
Package: beamerbasetemplates 2010/05/01  (rcs-revision efa082c6111d)
\beamer@sbttoks=\toks30

(/usr/local/texlive/2014/texmf-dist/tex/latex/beamer/beamerbaseauxtemplates.sty
Package: beamerbaseauxtemplates 2013/09/04  (rcs-revision 4ac715c499d0)
(/usr/local/texlive/2014/texmf-dist/tex/latex/beamer/beamerbaseboxes.sty
Package: beamerbaseboxes 2012/05/13  (rcs-revision 56972908a390)
\bmb@box=\box46
\bmb@colorbox=\box47
\bmb@boxshadow=\box48
\bmb@boxshadowball=\box49
\bmb@boxshadowballlarge=\box50
\bmb@temp=\dimen171
\bmb@dima=\dimen172
\bmb@dimb=\dimen173
\bmb@prevheight=\dimen174
)
\beamer@blockheadheight=\dimen175
))
(/usr/local/texlive/2014/texmf-dist/tex/latex/beamer/beamerbaselocalstructure.s
ty
Package: beamerbaselocalstructure 2013/09/04  (rcs-revision 4ac715c499d0)
 (/usr/local/texlive/2014/texmf-dist/tex/latex/tools/enumerate.sty
Package: enumerate 1999/03/05 v3.00 enumerate extensions (DPC)
\@enLab=\toks31
)
\c@figure=\count138
\c@table=\count139
\abovecaptionskip=\skip49
\belowcaptionskip=\skip50
)
(/usr/local/texlive/2014/texmf-dist/tex/latex/beamer/beamerbasenavigation.sty
Package: beamerbasenavigation 2013/10/05  (rcs-revision 62be157fe783)
\beamer@section@min@dim=\dimen176
)
(/usr/local/texlive/2014/texmf-dist/tex/latex/beamer/beamerbasetheorems.sty
Package: beamerbasetheorems 2010/06/06  (rcs-revision 7e7cc5e53e9d)

(/usr/local/texlive/2014/texmf-dist/tex/latex/amsmath/amsmath.sty
Package: amsmath 2013/01/14 v2.14 AMS math features
\@mathmargin=\skip51

For additional information on amsmath, use the `?' option.
(/usr/local/texlive/2014/texmf-dist/tex/latex/amsmath/amstext.sty
Package: amstext 2000/06/29 v2.01

(/usr/local/texlive/2014/texmf-dist/tex/latex/amsmath/amsgen.sty
File: amsgen.sty 1999/11/30 v2.0
\@emptytoks=\toks32
\ex@=\dimen177
))
(/usr/local/texlive/2014/texmf-dist/tex/latex/amsmath/amsbsy.sty
Package: amsbsy 1999/11/29 v1.2d
\pmbraise@=\dimen178
)
(/usr/local/texlive/2014/texmf-dist/tex/latex/amsmath/amsopn.sty
Package: amsopn 1999/12/14 v2.01 operator names
)
\inf@bad=\count140
LaTeX Info: Redefining \frac on input line 210.
\uproot@=\count141
\leftroot@=\count142
LaTeX Info: Redefining \overline on input line 306.
\classnum@=\count143
\DOTSCASE@=\count144
LaTeX Info: Redefining \ldots on input line 378.
LaTeX Info: Redefining \dots on input line 381.
LaTeX Info: Redefining \cdots on input line 466.
\Mathstrutbox@=\box51
\strutbox@=\box52
\big@size=\dimen179
LaTeX Font Info:    Redeclaring font encoding OML on input line 566.
LaTeX Font Info:    Redeclaring font encoding OMS on input line 567.
\macc@depth=\count145
\c@MaxMatrixCols=\count146
\dotsspace@=\muskip11
\c@parentequation=\count147
\dspbrk@lvl=\count148
\tag@help=\toks33
\row@=\count149
\column@=\count150
\maxfields@=\count151
\andhelp@=\toks34
\eqnshift@=\dimen180
\alignsep@=\dimen181
\tagshift@=\dimen182
\tagwidth@=\dimen183
\totwidth@=\dimen184
\lineht@=\dimen185
\@envbody=\toks35
\multlinegap=\skip52
\multlinetaggap=\skip53
\mathdisplay@stack=\toks36
LaTeX Info: Redefining \[ on input line 2665.
LaTeX Info: Redefining \] on input line 2666.
)
(/usr/local/texlive/2014/texmf-dist/tex/latex/amscls/amsthm.sty
Package: amsthm 2004/08/06 v2.20
\thm@style=\toks37
\thm@bodyfont=\toks38
\thm@headfont=\toks39
\thm@notefont=\toks40
\thm@headpunct=\toks41
\thm@preskip=\skip54
\thm@postskip=\skip55
\thm@headsep=\skip56
\dth@everypar=\toks42
)
\c@theorem=\count152
)
(/usr/local/texlive/2014/texmf-dist/tex/latex/beamer/beamerbasethemes.sty
Package: beamerbasethemes 2010/05/01  (rcs-revision efa082c6111d)
))
(/usr/local/texlive/2014/texmf-dist/tex/latex/beamer/themes/theme/beamerthemede
fault.sty
Package: beamerthemedefault 2010/06/17  (rcs-revision d02a7cf4d8ae)

(/usr/local/texlive/2014/texmf-dist/tex/latex/beamer/themes/font/beamerfontthem
edefault.sty
Package: beamerfontthemedefault 2012/12/19  (rcs-revision 1686da3db3c9)
)
(/usr/local/texlive/2014/texmf-dist/tex/latex/beamer/themes/color/beamercolorth
emedefault.sty
Package: beamercolorthemedefault 2012/12/19  (rcs-revision 1686da3db3c9)
)
(/usr/local/texlive/2014/texmf-dist/tex/latex/beamer/themes/inner/beamerinnerth
emedefault.sty
Package: beamerinnerthemedefault 2013/10/15  (rcs-revision 65cb471f9634)
\beamer@dima=\dimen186
\beamer@dimb=\dimen187
)
(/usr/local/texlive/2014/texmf-dist/tex/latex/beamer/themes/outer/beamerouterth
emedefault.sty
Package: beamerouterthemedefault 2012/12/19  (rcs-revision 1686da3db3c9)
)))
(/usr/local/texlive/2014/texmf-dist/tex/latex/pgf/frontendlayer/tikz.sty
(/usr/local/texlive/2014/texmf-dist/tex/latex/pgf/basiclayer/pgf.sty
Package: pgf 2013/12/18 v3.0.0 (rcs-revision 1.14)

(/usr/local/texlive/2014/texmf-dist/tex/generic/pgf/modules/pgfmoduleshapes.cod
e.tex
File: pgfmoduleshapes.code.tex 2013/10/31  (rcs-revision 1.34)
\pgfnodeparttextbox=\box53
)
(/usr/local/texlive/2014/texmf-dist/tex/generic/pgf/modules/pgfmoduleplot.code.
tex
File: pgfmoduleplot.code.tex 2013/07/31  (rcs-revision 1.12)
)
(/usr/local/texlive/2014/texmf-dist/tex/latex/pgf/compatibility/pgfcomp-version
-0-65.sty
Package: pgfcomp-version-0-65 2007/07/03 v3.0.0 (rcs-revision 1.7)
\pgf@nodesepstart=\dimen188
\pgf@nodesepend=\dimen189
)
(/usr/local/texlive/2014/texmf-dist/tex/latex/pgf/compatibility/pgfcomp-version
-1-18.sty
Package: pgfcomp-version-1-18 2007/07/23 v3.0.0 (rcs-revision 1.1)
))
(/usr/local/texlive/2014/texmf-dist/tex/latex/pgf/utilities/pgffor.sty
(/usr/local/texlive/2014/texmf-dist/tex/latex/pgf/utilities/pgfkeys.sty
(/usr/local/texlive/2014/texmf-dist/tex/generic/pgf/utilities/pgfkeys.code.tex)
) (/usr/local/texlive/2014/texmf-dist/tex/latex/pgf/math/pgfmath.sty
(/usr/local/texlive/2014/texmf-dist/tex/generic/pgf/math/pgfmath.code.tex))
(/usr/local/texlive/2014/texmf-dist/tex/generic/pgf/utilities/pgffor.code.tex
Package: pgffor 2013/12/13 v3.0.0 (rcs-revision 1.25)

(/usr/local/texlive/2014/texmf-dist/tex/generic/pgf/math/pgfmath.code.tex)
\pgffor@iter=\dimen190
\pgffor@skip=\dimen191
\pgffor@stack=\toks43
\pgffor@toks=\toks44
))
(/usr/local/texlive/2014/texmf-dist/tex/generic/pgf/frontendlayer/tikz/tikz.cod
e.tex
Package: tikz 2013/12/13 v3.0.0 (rcs-revision 1.142)

(/usr/local/texlive/2014/texmf-dist/tex/generic/pgf/libraries/pgflibraryplothan
dlers.code.tex
File: pgflibraryplothandlers.code.tex 2013/08/31 v3.0.0 (rcs-revision 1.20)
\pgf@plot@mark@count=\count153
\pgfplotmarksize=\dimen192
)
\tikz@lastx=\dimen193
\tikz@lasty=\dimen194
\tikz@lastxsaved=\dimen195
\tikz@lastysaved=\dimen196
\tikzleveldistance=\dimen197
\tikzsiblingdistance=\dimen198
\tikz@figbox=\box54
\tikz@figbox@bg=\box55
\tikz@tempbox=\box56
\tikz@tempbox@bg=\box57
\tikztreelevel=\count154
\tikznumberofchildren=\count155
\tikznumberofcurrentchild=\count156
\tikz@fig@count=\count157

(/usr/local/texlive/2014/texmf-dist/tex/generic/pgf/modules/pgfmodulematrix.cod
e.tex
File: pgfmodulematrix.code.tex 2013/09/17  (rcs-revision 1.8)
\pgfmatrixcurrentrow=\count158
\pgfmatrixcurrentcolumn=\count159
\pgf@matrix@numberofcolumns=\count160
)
\tikz@expandcount=\count161

(/usr/local/texlive/2014/texmf-dist/tex/generic/pgf/frontendlayer/tikz/librarie
s/tikzlibrarytopaths.code.tex
File: tikzlibrarytopaths.code.tex 2008/06/17 v3.0.0 (rcs-revision 1.2)
)))
(/usr/local/texlive/2014/texmf-dist/tex/generic/pgf/frontendlayer/tikz/librarie
s/tikzlibraryfadings.code.tex
File: tikzlibraryfadings.code.tex 2009/11/15 v3.0.0 (rcs-revision 1.2)

(/usr/local/texlive/2014/texmf-dist/tex/generic/pgf/libraries/pgflibraryfadings
.code.tex
File: pgflibraryfadings.code.tex 2008/02/07 v3.0.0 (rcs-revision 1.3)
))
(/usr/local/texlive/2014/texmf-dist/tex/latex/beamer/themes/theme/beamerthemeMa
drid.sty
Package: beamerthemeMadrid 2010/06/17  (rcs-revision d02a7cf4d8ae)

(/usr/local/texlive/2014/texmf-dist/tex/latex/beamer/themes/color/beamercolorth
emewhale.sty
Package: beamercolorthemewhale 2010/06/17  (rcs-revision d02a7cf4d8ae)
)
(/usr/local/texlive/2014/texmf-dist/tex/latex/beamer/themes/color/beamercolorth
emeorchid.sty
Package: beamercolorthemeorchid 2010/06/17  (rcs-revision d02a7cf4d8ae)
)
(/usr/local/texlive/2014/texmf-dist/tex/latex/beamer/themes/inner/beamerinnerth
emerounded.sty
Package: beamerinnerthemerounded 2010/06/17  (rcs-revision d02a7cf4d8ae)
)
(/usr/local/texlive/2014/texmf-dist/tex/latex/beamer/themes/outer/beamerouterth
emeinfolines.sty
Package: beamerouterthemeinfolines 2012/10/16  (rcs-revision 51a8c72084af)
))
(/usr/local/texlive/2014/texmf-dist/tex/latex/siunitx/siunitx.sty
(/usr/local/texlive/2014/texmf-dist/tex/latex/l3kernel/expl3.sty
Package: expl3 2014/05/20 v4814 L3 programming layer (loader) 

(/usr/local/texlive/2014/texmf-dist/tex/latex/l3kernel/expl3-code.tex
Package: expl3 2014/05/20 v4814 L3 programming layer (code) 
L3 Module: l3bootstrap 2014/05/16 v4782 L3 Bootstrap code

(/usr/local/texlive/2014/texmf-dist/tex/latex/etex-pkg/etex.sty
Package: etex 1998/03/26 v2.0 eTeX basic definition package (PEB)
\et@xins=\count162
)
L3 Module: l3names 2014/05/04 v4728 L3 Namespace for primitives
L3 Module: l3basics 2014/05/04 v4728 L3 Basic definitions
L3 Module: l3expan 2014/04/30 v4712 L3 Argument expansion
L3 Module: l3tl 2014/05/04 v4728 L3 Token lists
L3 Module: l3seq 2014/04/30 v4712 L3 Sequences and stacks
L3 Module: l3int 2014/05/16 v4776 L3 Integers
\c_max_int=\count163
\l_tmpa_int=\count164
\l_tmpb_int=\count165
\g_tmpa_int=\count166
\g_tmpb_int=\count167
L3 Module: l3quark 2014/05/04 v4728 L3 Quarks
L3 Module: l3prg 2014/05/04 v4728 L3 Control structures
\g__prg_map_int=\count168
L3 Module: l3clist 2014/05/04 v4728 L3 Comma separated lists
L3 Module: l3token 2014/05/04 v4728 L3 Experimental token manipulation
L3 Module: l3prop 2014/04/30 v4712 L3 Property lists
L3 Module: l3msg 2014/05/04 v4728 L3 Messages
L3 Module: l3file 2014/05/05 v4737 L3 File and I/O operations
\l_iow_line_count_int=\count169
\l__iow_target_count_int=\count170
\l__iow_current_line_int=\count171
\l__iow_current_word_int=\count172
\l__iow_current_indentation_int=\count173
L3 Module: l3skip 2014/05/05 v4738 L3 Dimensions and skips
\c_zero_dim=\dimen199
\c_max_dim=\dimen200
\l_tmpa_dim=\dimen201
Normal \dimen register pool exhausted, switching to extended pool.
\l_tmpb_dim=\dimen256
\g_tmpa_dim=\dimen257
\g_tmpb_dim=\dimen258
\c_zero_skip=\skip57
\c_max_skip=\skip58
\l_tmpa_skip=\skip59
\l_tmpb_skip=\skip60
\g_tmpa_skip=\skip61
\g_tmpb_skip=\skip62
\c_zero_muskip=\muskip12
\c_max_muskip=\muskip13
\l_tmpa_muskip=\muskip14
\l_tmpb_muskip=\muskip15
\g_tmpa_muskip=\muskip16
\g_tmpb_muskip=\muskip17
L3 Module: l3keys 2014/05/08 v4753 L3 Key-value interfaces
\g__keyval_level_int=\count174
\l_keys_choice_int=\count175
L3 Module: l3fp 2014/04/30 v4712 L3 Floating points
\c__fp_leading_shift_int=\count176
\c__fp_middle_shift_int=\count177
\c__fp_trailing_shift_int=\count178
\c__fp_big_leading_shift_int=\count179
\c__fp_big_middle_shift_int=\count180
\c__fp_big_trailing_shift_int=\count181
\c__fp_Bigg_leading_shift_int=\count182
\c__fp_Bigg_middle_shift_int=\count183
\c__fp_Bigg_trailing_shift_int=\count184
L3 Module: l3box 2014/05/04 v4728 L3 Experimental boxes
\c_empty_box=\box58
\l_tmpa_box=\box59
\l_tmpb_box=\box60
\g_tmpa_box=\box61
\g_tmpb_box=\box62
L3 Module: l3coffins 2014/05/04 v4728 L3 Coffin code layer
\l__coffin_internal_box=\box63
\l__coffin_internal_dim=\dimen259
\l__coffin_offset_x_dim=\dimen260
\l__coffin_offset_y_dim=\dimen261
\l__coffin_x_dim=\dimen262
\l__coffin_y_dim=\dimen263
\l__coffin_x_prime_dim=\dimen264
\l__coffin_y_prime_dim=\dimen265
\c_empty_coffin=\box64
\l__coffin_aligned_coffin=\box65
\l__coffin_aligned_internal_coffin=\box66
\l_tmpa_coffin=\box67
\l_tmpb_coffin=\box68
\l__coffin_display_coffin=\box69
\l__coffin_display_coord_coffin=\box70
\l__coffin_display_pole_coffin=\box71
\l__coffin_display_offset_dim=\dimen266
\l__coffin_display_x_dim=\dimen267
\l__coffin_display_y_dim=\dimen268
L3 Module: l3color 2014/04/30 v4712 L3 Experimental color support
L3 Module: l3luatex 2014/04/30 v4712 L3 Experimental LuaTeX-specific functions
\g__cctab_allocate_int=\count185
\g__cctab_stack_int=\count186
L3 Module: l3candidates 2014/05/04 v4734 L3 Experimental additions to l3kernel
\l__box_top_dim=\dimen269
\l__box_bottom_dim=\dimen270
\l__box_left_dim=\dimen271
\l__box_right_dim=\dimen272
\l__box_top_new_dim=\dimen273
\l__box_bottom_new_dim=\dimen274
\l__box_left_new_dim=\dimen275
\l__box_right_new_dim=\dimen276
\l__box_internal_box=\box72
\l__coffin_bounding_shift_dim=\dimen277
\l__coffin_left_corner_dim=\dimen278
\l__coffin_right_corner_dim=\dimen279
\l__coffin_bottom_corner_dim=\dimen280
\l__coffin_top_corner_dim=\dimen281
\l__coffin_scaled_total_height_dim=\dimen282
\l__coffin_scaled_width_dim=\dimen283
))
(/usr/local/texlive/2014/texmf-dist/tex/latex/l3packages/xparse/xparse.sty
Package: xparse 2014/05/05 v4740 L3 Experimental document command parser
\l__xparse_current_arg_int=\count187
\l__xparse_m_args_int=\count188
\l__xparse_mandatory_args_int=\count189
\l__xparse_processor_int=\count190
\l__xparse_v_nesting_int=\count191
)
Package: siunitx 2013/07/31 v2.5s A comprehensive (SI) units package

(/usr/local/texlive/2014/texmf-dist/tex/latex/tools/array.sty
Package: array 2008/09/09 v2.4c Tabular extension package (FMi)
\col@sep=\dimen284
\extrarowheight=\dimen285
\NC@list=\toks45
\extratabsurround=\skip63
\backup@length=\skip64
)
(/usr/local/texlive/2014/texmf-dist/tex/latex/l3packages/l3keys2e/l3keys2e.sty
Package: l3keys2e 2014/05/05 v4740 LaTeX2e option processing using LaTeX3 keys
)
Variant \tl_if_blank:VTF already defined; not changing it on line 50
\l__siunitx_tmp_box=\box73
\l__siunitx_tmp_dim=\dimen286
\l__siunitx_tmp_int=\count192
Variant \prop_get:NVNT already defined; not changing it on line 371
Variant \prop_get:NVNF already defined; not changing it on line 372
Variant \prop_get:NVNTF already defined; not changing it on line 373
\l__siunitx_number_mantissa_length_int=\count193
\l__siunitx_number_uncert_length_int=\count194
\l__siunitx_round_int=\count195
\l__siunitx_process_decimal_int=\count196
\l__siunitx_process_uncertainty_int=\count197
\l__siunitx_process_fixed_int=\count198
\l__siunitx_process_integer_min_int=\count199
\l__siunitx_process_precision_int=\count200
\l__siunitx_group_min_int=\count201
\l__siunitx_angle_marker_box=\box74
\l__siunitx_angle_unit_box=\box75
\l__siunitx_angle_marker_dim=\dimen287
\l__siunitx_angle_unit_dim=\dimen288
Normal \count register pool exhausted, switching to extended pool.
\l__siunitx_unit_int=\count277
\l__siunitx_unit_denominator_int=\count278
\l__siunitx_unit_numerator_int=\count279
\l__siunitx_unit_prefix_int=\count280
\l__siunitx_unit_prefix_base_int=\count281
\l__siunitx_unit_prefix_gram_int=\count282
\l__siunitx_number_product_int=\count283
\c__siunitx_one_fill_skip=\skip65
\l__siunitx_table_unit_align_skip=\skip66
\l__siunitx_table_exponent_dim=\dimen289
\l__siunitx_table_integer_dim=\dimen290
\l__siunitx_table_mantissa_dim=\dimen291
\l__siunitx_table_marker_dim=\dimen292
\l__siunitx_table_result_dim=\dimen293
\l__siunitx_table_uncert_dim=\dimen294
\l__siunitx_table_fill_pre_dim=\dimen295
\l__siunitx_table_fill_post_dim=\dimen296
\l__siunitx_table_fill_mid_dim=\dimen297
\l__siunitx_table_pre_box=\box76
\l__siunitx_table_post_box=\box77
\l__siunitx_table_mantissa_box=\box78
\l__siunitx_table_result_box=\box79
\l__siunitx_table_number_align_skip=\skip67
\l__siunitx_table_text_align_skip=\skip68
.................................................
. LaTeX info: "xparse/define-command"
. 
. Defining document command \DeclareBinaryPrefix with arg. spec. 'mmm' on line
. 7101.
.................................................
.................................................
. LaTeX info: "xparse/define-command"
. 
. Defining document command \DeclareSIPostPower with arg. spec. 'mm' on line
. 7104.
.................................................
.................................................
. LaTeX info: "xparse/define-command"
. 
. Defining document command \DeclareSIPrefix with arg. spec. 'mmm' on line
. 7107.
.................................................
.................................................
. LaTeX info: "xparse/define-command"
. 
. Defining document command \DeclareSIPrePower with arg. spec. 'mm' on line
. 7110.
.................................................
.................................................
. LaTeX info: "xparse/define-command"
. 
. Defining document command \DeclareSIQualifier with arg. spec. 'mm' on line
. 7113.
.................................................
.................................................
. LaTeX info: "xparse/define-command"
. 
. Defining document command \DeclareSIUnit with arg. spec. 'O{}mm' on line
. 7116.
.................................................
.................................................
. LaTeX info: "xparse/define-command"
. 
. Defining document command \DeclareSIUnitWithOptions with arg. spec. 'mmm' on
. line 7119.
.................................................
.................................................
. LaTeX info: "xparse/define-command"
. 
. Defining document command \ang with arg. spec. 'o>{\SplitArgument {2}{;}}m'
. on line 7134.
.................................................
.................................................
. LaTeX info: "xparse/define-command"
. 
. Defining document command \num with arg. spec. 'om' on line 7142.
.................................................
.................................................
. LaTeX info: "xparse/define-command"
. 
. Defining document command \numlist with arg. spec. 'o>{\SplitList {;}}m' on
. line 7150.
.................................................
.................................................
. LaTeX info: "xparse/define-command"
. 
. Defining document command \numrange with arg. spec. 'omm' on line 7158.
.................................................
.................................................
. LaTeX info: "xparse/define-command"
. 
. Defining document command \SIlist with arg. spec. 'o>{\SplitList {;}}mm' on
. line 7169.
.................................................
.................................................
. LaTeX info: "xparse/define-command"
. 
. Defining document command \SIrange with arg. spec. 'ommm' on line 7180.
.................................................
.................................................
. LaTeX info: "xparse/define-command"
. 
. Defining document command \SI with arg. spec. 'omom' on line 7191.
.................................................
.................................................
. LaTeX info: "xparse/define-command"
. 
. Defining document command \sisetup with arg. spec. 'm' on line 7194.
.................................................
.................................................
. LaTeX info: "xparse/define-command"
. 
. Defining document command \tablenum with arg. spec. 'om' on line 7206.
.................................................
.................................................
. LaTeX info: "xparse/define-command"
. 
. Defining document command \si with arg. spec. 'om' on line 7217.
.................................................
.................................................
. LaTeX info: "xparse/define-command"
. 
. Defining document command \__siunitx_bookmark_num:w with arg. spec. 'om' on
. line 7262.
.................................................
.................................................
. LaTeX info: "xparse/define-command"
. 
. Defining document command \__siunitx_bookmark_numrange:w with arg. spec.
. 'omm' on line 7264.
.................................................
.................................................
. LaTeX info: "xparse/define-command"
. 
. Defining document command \__siunitx_bookmark_SI:w with arg. spec. 'omom' on
. line 7266.
.................................................
.................................................
. LaTeX info: "xparse/define-command"
. 
. Defining document command \__siunitx_bookmark_SIlist:w with arg. spec. 'omm'
. on line 7268.
.................................................
.................................................
. LaTeX info: "xparse/define-command"
. 
. Defining document command \__siunitx_bookmark_SIrange:w with arg. spec.
. 'ommm' on line 7270.
.................................................
.................................................
. LaTeX info: "xparse/define-command"
. 
. Defining document command \__siunitx_bookmark_si:w with arg. spec. 'om' on
. line 7271.
.................................................
\g__file_internal_ior=\read2
) (/usr/local/texlive/2014/texmf-dist/tex/latex/pgfplots/pgfplots.sty
(/usr/local/texlive/2014/texmf-dist/tex/generic/pgfplots/pgfplots.revision.tex)
Package: pgfplots 2014/02/28 v1.10 Data Visualization (1.10-2-gb39fe75)
(/usr/local/texlive/2014/texmf-dist/tex/generic/pgfplots/pgfplots.code.tex
(/usr/local/texlive/2014/texmf-dist/tex/generic/pgfplots/pgfplotscore.code.tex
\t@pgfplots@toka=\toks46
\t@pgfplots@tokb=\toks47
\t@pgfplots@tokc=\toks48
\pgfplots@tmpa=\dimen298
\c@pgfplots@coordindex=\count284
\c@pgfplots@scanlineindex=\count285

(/usr/local/texlive/2014/texmf-dist/tex/generic/pgfplots/sys/pgfplotssysgeneric
.code.tex))
(/usr/local/texlive/2014/texmf-dist/tex/generic/pgfplots/libs/pgfplotslibrary.c
ode.tex)
(/usr/local/texlive/2014/texmf-dist/tex/generic/pgfplots/oldpgfcompatib/pgfplot
soldpgfsupp_loader.code.tex
(/usr/local/texlive/2014/texmf-dist/tex/generic/pgf/libraries/pgflibraryfpu.cod
e.tex))
(/usr/local/texlive/2014/texmf-dist/tex/generic/pgfplots/util/pgfplotsutil.code
.tex
(/usr/local/texlive/2014/texmf-dist/tex/generic/pgfplots/liststructure/pgfplots
liststructure.code.tex)
(/usr/local/texlive/2014/texmf-dist/tex/generic/pgfplots/liststructure/pgfplots
liststructureext.code.tex)
(/usr/local/texlive/2014/texmf-dist/tex/generic/pgfplots/liststructure/pgfplots
array.code.tex
\c@pgfplotsarray@tmp=\count286
)
(/usr/local/texlive/2014/texmf-dist/tex/generic/pgfplots/liststructure/pgfplots
matrix.code.tex)
(/usr/local/texlive/2014/texmf-dist/tex/generic/pgfplots/numtable/pgfplotstable
shared.code.tex
\c@pgfplotstable@counta=\count287
\t@pgfplotstable@a=\toks49
)
(/usr/local/texlive/2014/texmf-dist/tex/generic/pgfplots/liststructure/pgfplots
deque.code.tex)
(/usr/local/texlive/2014/texmf-dist/tex/generic/pgfplots/util/pgfplotsbinary.co
de.tex
(/usr/local/texlive/2014/texmf-dist/tex/generic/pgfplots/util/pgfplotsbinary.da
ta.code.tex))
(/usr/local/texlive/2014/texmf-dist/tex/generic/pgfplots/util/pgfplotsutil.verb
.code.tex)
(/usr/local/texlive/2014/texmf-dist/tex/generic/pgfplots/libs/pgflibrarypgfplot
s.surfshading.code.tex
\c@pgfplotslibrarysurf@no=\count288

(/usr/local/texlive/2014/texmf-dist/tex/generic/pgfplots/sys/pgflibrarypgfplots
.surfshading.pgfsys-pdftex.def)))
(/usr/local/texlive/2014/texmf-dist/tex/generic/pgfplots/util/pgfplotscolormap.
code.tex
(/usr/local/texlive/2014/texmf-dist/tex/generic/pgfplots/util/pgfplotscolor.cod
e.tex))
(/usr/local/texlive/2014/texmf-dist/tex/generic/pgfplots/pgfplotsstackedplots.c
ode.tex)
(/usr/local/texlive/2014/texmf-dist/tex/generic/pgfplots/pgfplotsplothandlers.c
ode.tex
(/usr/local/texlive/2014/texmf-dist/tex/generic/pgfplots/pgfplotsmeshplothandle
r.code.tex))
(/usr/local/texlive/2014/texmf-dist/tex/generic/pgfplots/pgfplots.scaling.code.
tex)
(/usr/local/texlive/2014/texmf-dist/tex/generic/pgfplots/pgfplotscoordprocessin
g.code.tex)
(/usr/local/texlive/2014/texmf-dist/tex/generic/pgfplots/pgfplots.errorbars.cod
e.tex)
(/usr/local/texlive/2014/texmf-dist/tex/generic/pgfplots/pgfplots.markers.code.
tex)
(/usr/local/texlive/2014/texmf-dist/tex/generic/pgfplots/pgfplotsticks.code.tex
)
(/usr/local/texlive/2014/texmf-dist/tex/generic/pgfplots/pgfplots.paths.code.te
x)
(/usr/local/texlive/2014/texmf-dist/tex/generic/pgf/frontendlayer/tikz/librarie
s/tikzlibrarydecorations.code.tex
(/usr/local/texlive/2014/texmf-dist/tex/generic/pgf/modules/pgfmoduledecoration
s.code.tex
\pgfdecoratedcompleteddistance=\dimen299
\pgfdecoratedremainingdistance=\dimen300
\pgfdecoratedinputsegmentcompleteddistance=\dimen301
\pgfdecoratedinputsegmentremainingdistance=\dimen302
\pgf@decorate@distancetomove=\dimen303
\pgf@decorate@repeatstate=\count289
\pgfdecorationsegmentamplitude=\dimen304
\pgfdecorationsegmentlength=\dimen305
)
\tikz@lib@dec@box=\box80
)
(/usr/local/texlive/2014/texmf-dist/tex/generic/pgf/frontendlayer/tikz/librarie
s/tikzlibrarydecorations.pathmorphing.code.tex
(/usr/local/texlive/2014/texmf-dist/tex/generic/pgf/libraries/decorations/pgfli
brarydecorations.pathmorphing.code.tex))
(/usr/local/texlive/2014/texmf-dist/tex/generic/pgf/frontendlayer/tikz/librarie
s/tikzlibrarydecorations.pathreplacing.code.tex
(/usr/local/texlive/2014/texmf-dist/tex/generic/pgf/libraries/decorations/pgfli
brarydecorations.pathreplacing.code.tex))
\pgfplots@numplots=\count290
\pgfplots@xmin@reg=\dimen306
\pgfplots@xmax@reg=\dimen307
\pgfplots@ymin@reg=\dimen308
\pgfplots@ymax@reg=\dimen309
\pgfplots@zmin@reg=\dimen310
\pgfplots@zmax@reg=\dimen311
)
(/usr/local/texlive/2014/texmf-dist/tex/generic/pgf/frontendlayer/tikz/librarie
s/tikzlibraryplotmarks.code.tex
File: tikzlibraryplotmarks.code.tex 2008/01/09 v3.0.0 (rcs-revision 1.1)

(/usr/local/texlive/2014/texmf-dist/tex/generic/pgf/libraries/pgflibraryplotmar
ks.code.tex
File: pgflibraryplotmarks.code.tex 2013/07/20 v3.0.0 (rcs-revision 1.13)
)))
(/usr/local/texlive/2014/texmf-dist/tex/latex/booktabs/booktabs.sty
Package: booktabs 2005/04/14 v1.61803 publication quality tables
\heavyrulewidth=\dimen312
\lightrulewidth=\dimen313
\cmidrulewidth=\dimen314
\belowrulesep=\dimen315
\belowbottomsep=\dimen316
\aboverulesep=\dimen317
\abovetopsep=\dimen318
\cmidrulesep=\dimen319
\cmidrulekern=\dimen320
\defaultaddspace=\dimen321
\@cmidla=\count291
\@cmidlb=\count292
\@aboverulesep=\dimen322
\@belowrulesep=\dimen323
\@thisruleclass=\count293
\@lastruleclass=\count294
\@thisrulewidth=\dimen324
)
(/usr/local/texlive/2014/texmf-dist/tex/latex/sidecap/sidecap.sty
Package: sidecap 2003/06/06 v1.6f SideCap Package (RN/HjG)

(/usr/local/texlive/2014/texmf-dist/tex/latex/base/ifthen.sty
Package: ifthen 2001/05/26 v1.1c Standard LaTeX ifthen package (DPC)
)
\SC@BOXWD=\dimen325
\SC@CAPWD=\dimen326
\SC@tempdima=\dimen327
\SC@tempdimb=\dimen328
\c@SC@C=\count295
\SC@BOX=\box81
)
Package hyperref Info: Option `colorlinks' set `true' on input line 86.

(/usr/local/texlive/2014/texmf-dist/tex/latex/tcolorbox/tcolorbox.sty
Package: tcolorbox 2014/05/18 version 3.04 text color boxes

(/usr/local/texlive/2014/texmf-dist/tex/latex/tools/verbatim.sty
Package: verbatim 2003/08/22 v1.5q LaTeX2e package for verbatim enhancements
\every@verbatim=\toks50
\verbatim@line=\toks51
\verbatim@in@stream=\read3
)
(/usr/local/texlive/2014/texmf-dist/tex/latex/environ/environ.sty
Package: environ 2014/05/04 v0.3 A new way to define environments

(/usr/local/texlive/2014/texmf-dist/tex/latex/trimspaces/trimspaces.sty
Package: trimspaces 2009/09/17 v1.1 Trim spaces around a token list
))
(/usr/local/texlive/2014/texmf-dist/tex/latex/etoolbox/etoolbox.sty
Package: etoolbox 2011/01/03 v2.1 e-TeX tools for LaTeX
\etb@tempcnta=\count296
)
\tcb@titlebox=\box82
\tcb@upperbox=\box83
\tcb@lowerbox=\box84
\tcb@phantombox=\box85
\c@tcbbreakpart=\count297
\c@tcblayer=\count298
\tcb@temp=\box86
\tcb@temp=\box87
\tcb@temp=\box88
\tcb@temp=\box89
\tcb@out=\write5
)
(./presentation_1.aux)
\openout1 = `presentation_1.aux'.

LaTeX Font Info:    Checking defaults for OML/cmm/m/it on input line 113.
LaTeX Font Info:    ... okay on input line 113.
LaTeX Font Info:    Checking defaults for T1/cmr/m/n on input line 113.
LaTeX Font Info:    ... okay on input line 113.
LaTeX Font Info:    Checking defaults for OT1/cmr/m/n on input line 113.
LaTeX Font Info:    ... okay on input line 113.
LaTeX Font Info:    Checking defaults for OMS/cmsy/m/n on input line 113.
LaTeX Font Info:    ... okay on input line 113.
LaTeX Font Info:    Checking defaults for OMX/cmex/m/n on input line 113.
LaTeX Font Info:    ... okay on input line 113.
LaTeX Font Info:    Checking defaults for U/cmr/m/n on input line 113.
LaTeX Font Info:    ... okay on input line 113.
LaTeX Font Info:    Checking defaults for PD1/pdf/m/n on input line 113.
LaTeX Font Info:    ... okay on input line 113.

*geometry* driver: auto-detecting
*geometry* detected driver: pdftex
*geometry* verbose mode - [ preamble ] result:
* driver: pdftex
* paper: custom
* layout: <same size as paper>
* layoutoffset:(h,v)=(0.0pt,0.0pt)
* modes: includehead includefoot 
* h-part:(L,W,R)=(10.95003pt, 342.2953pt, 10.95003pt)
* v-part:(T,H,B)=(0.0pt, 273.14662pt, 0.0pt)
* \paperwidth=364.19536pt
* \paperheight=273.14662pt
* \textwidth=342.2953pt
* \textheight=244.6939pt
* \oddsidemargin=-61.31996pt
* \evensidemargin=-61.31996pt
* \topmargin=-72.26999pt
* \headheight=14.22636pt
* \headsep=0.0pt
* \topskip=11.0pt
* \footskip=14.22636pt
* \marginparwidth=4.0pt
* \marginparsep=10.0pt
* \columnsep=10.0pt
* \skip\footins=10.0pt plus 4.0pt minus 2.0pt
* \hoffset=0.0pt
* \voffset=0.0pt
* \mag=1000
* \@twocolumnfalse
* \@twosidefalse
* \@mparswitchfalse
* \@reversemarginfalse
* (1in=72.27pt=25.4mm, 1cm=28.453pt)

(/usr/local/texlive/2014/texmf-dist/tex/context/base/supp-pdf.mkii
[Loading MPS to PDF converter (version 2006.09.02).]
\scratchcounter=\count299
\scratchdimen=\dimen329
\scratchbox=\box90
\nofMPsegments=\count300
\nofMParguments=\count301
\everyMPshowfont=\toks52
\MPscratchCnt=\count302
\MPscratchDim=\dimen330
\MPnumerator=\count303
\makeMPintoPDFobject=\count304
\everyMPtoPDFconversion=\toks53
) (/usr/local/texlive/2014/texmf-dist/tex/latex/oberdiek/epstopdf-base.sty
Package: epstopdf-base 2010/02/09 v2.5 Base part for package epstopdf

(/usr/local/texlive/2014/texmf-dist/tex/latex/oberdiek/grfext.sty
Package: grfext 2010/08/19 v1.1 Manage graphics extensions (HO)
)
Package grfext Info: Graphics extension search list:
(grfext)             [.png,.pdf,.jpg,.mps,.jpeg,.jbig2,.jb2,.PNG,.PDF,.JPG,.JPE
G,.JBIG2,.JB2,.eps]
(grfext)             \AppendGraphicsExtensions on input line 452.

(/usr/local/texlive/2014/texmf-dist/tex/latex/latexconfig/epstopdf-sys.cfg
File: epstopdf-sys.cfg 2010/07/13 v1.3 Configuration of (r)epstopdf for TeX Liv
e
))
ABD: EveryShipout initializing macros
\AtBeginShipoutBox=\box91
Package hyperref Info: Link coloring ON on input line 113.

(/usr/local/texlive/2014/texmf-dist/tex/latex/hyperref/nameref.sty
Package: nameref 2012/10/27 v2.43 Cross-referencing by name of section

(/usr/local/texlive/2014/texmf-dist/tex/generic/oberdiek/gettitlestring.sty
Package: gettitlestring 2010/12/03 v1.4 Cleanup title references (HO)
)
\c@section@level=\count305
)
LaTeX Info: Redefining \ref on input line 113.
LaTeX Info: Redefining \pageref on input line 113.
LaTeX Info: Redefining \nameref on input line 113.

(./presentation_1.out) (./presentation_1.out)
\@outlinefile=\write6
\openout6 = `presentation_1.out'.

LaTeX Font Info:    Overwriting symbol font `operators' in version `normal'
(Font)                  OT1/cmr/m/n --> OT1/cmss/m/n on input line 113.
LaTeX Font Info:    Overwriting symbol font `operators' in version `bold'
(Font)                  OT1/cmr/bx/n --> OT1/cmss/bx/n on input line 113.
\symnumbers=\mathgroup6
\sympureletters=\mathgroup7
LaTeX Font Info:    Overwriting math alphabet `\mathrm' in version `normal'
(Font)                  OT1/cmss/m/n --> OT1/cmr/m/n on input line 113.
LaTeX Font Info:    Redeclaring math alphabet \mathbf on input line 113.
LaTeX Font Info:    Overwriting math alphabet `\mathbf' in version `normal'
(Font)                  OT1/cmr/bx/n --> OT1/cmss/bx/n on input line 113.
LaTeX Font Info:    Overwriting math alphabet `\mathbf' in version `bold'
(Font)                  OT1/cmr/bx/n --> OT1/cmss/bx/n on input line 113.
LaTeX Font Info:    Redeclaring math alphabet \mathsf on input line 113.
LaTeX Font Info:    Overwriting math alphabet `\mathsf' in version `normal'
(Font)                  OT1/cmss/m/n --> OT1/cmss/m/n on input line 113.
LaTeX Font Info:    Overwriting math alphabet `\mathsf' in version `bold'
(Font)                  OT1/cmss/bx/n --> OT1/cmss/m/n on input line 113.
LaTeX Font Info:    Redeclaring math alphabet \mathit on input line 113.
LaTeX Font Info:    Overwriting math alphabet `\mathit' in version `normal'
(Font)                  OT1/cmr/m/it --> OT1/cmss/m/it on input line 113.
LaTeX Font Info:    Overwriting math alphabet `\mathit' in version `bold'
(Font)                  OT1/cmr/bx/it --> OT1/cmss/m/it on input line 113.
LaTeX Font Info:    Redeclaring math alphabet \mathtt on input line 113.
LaTeX Font Info:    Overwriting math alphabet `\mathtt' in version `normal'
(Font)                  OT1/cmtt/m/n --> OT1/cmtt/m/n on input line 113.
LaTeX Font Info:    Overwriting math alphabet `\mathtt' in version `bold'
(Font)                  OT1/cmtt/m/n --> OT1/cmtt/m/n on input line 113.
LaTeX Font Info:    Overwriting symbol font `numbers' in version `bold'
(Font)                  OT1/cmss/m/n --> OT1/cmss/bx/n on input line 113.
LaTeX Font Info:    Overwriting symbol font `pureletters' in version `bold'
(Font)                  OT1/cmss/m/it --> OT1/cmss/bx/it on input line 113.
LaTeX Font Info:    Overwriting math alphabet `\mathrm' in version `bold'
(Font)                  OT1/cmss/bx/n --> OT1/cmr/bx/n on input line 113.
LaTeX Font Info:    Overwriting math alphabet `\mathbf' in version `bold'
(Font)                  OT1/cmss/bx/n --> OT1/cmss/bx/n on input line 113.
LaTeX Font Info:    Overwriting math alphabet `\mathsf' in version `bold'
(Font)                  OT1/cmss/m/n --> OT1/cmss/bx/n on input line 113.
LaTeX Font Info:    Overwriting math alphabet `\mathit' in version `bold'
(Font)                  OT1/cmss/m/it --> OT1/cmss/bx/it on input line 113.
LaTeX Font Info:    Overwriting math alphabet `\mathtt' in version `bold'
(Font)                  OT1/cmtt/m/n --> OT1/cmtt/bx/n on input line 113.
LaTeX Font Info:    Redeclaring symbol font `pureletters' on input line 113.
LaTeX Font Info:    Overwriting symbol font `pureletters' in version `normal'
(Font)                  OT1/cmss/m/it --> OT1/mathkerncmss/m/sl on input line 1
13.
LaTeX Font Info:    Overwriting symbol font `pureletters' in version `bold'
(Font)                  OT1/cmss/bx/it --> OT1/mathkerncmss/m/sl on input line 
113.
LaTeX Font Info:    Overwriting symbol font `pureletters' in version `bold'
(Font)                  OT1/mathkerncmss/m/sl --> OT1/mathkerncmss/bx/sl on inp
ut line 113.

(/usr/local/texlive/2014/texmf-dist/tex/latex/beamer/translator/dicts/translato
r-basic-dictionary/translator-basic-dictionary-English.dict
Dictionary: translator-basic-dictionary, Language: English 
)
(/usr/local/texlive/2014/texmf-dist/tex/latex/beamer/translator/dicts/translato
r-bibliography-dictionary/translator-bibliography-dictionary-English.dict
Dictionary: translator-bibliography-dictionary, Language: English 
)
(/usr/local/texlive/2014/texmf-dist/tex/latex/beamer/translator/dicts/translato
r-environment-dictionary/translator-environment-dictionary-English.dict
Dictionary: translator-environment-dictionary, Language: English 
)
(/usr/local/texlive/2014/texmf-dist/tex/latex/beamer/translator/dicts/translato
r-months-dictionary/translator-months-dictionary-English.dict
Dictionary: translator-months-dictionary, Language: English 
)
(/usr/local/texlive/2014/texmf-dist/tex/latex/beamer/translator/dicts/translato
r-numbers-dictionary/translator-numbers-dictionary-English.dict
Dictionary: translator-numbers-dictionary, Language: English 
)
(/usr/local/texlive/2014/texmf-dist/tex/latex/beamer/translator/dicts/translato
r-theorem-dictionary/translator-theorem-dictionary-English.dict
Dictionary: translator-theorem-dictionary, Language: English 
)
LaTeX Info: Redefining \includegraphics on input line 113.

(/usr/local/texlive/2014/texmf-dist/tex/latex/siunitx/config/siunitx-abbreviati
ons.cfg
File: siunitx-abbreviations.cfg 2013/07/31 v2.5s siunitx: Abbreviated units
)

Package pgfplots Warning: running in backwards compatibility mode (unsuitable t
ick labels; missing features). Consider writing \pgfplotsset{compat=1.10} into 
your preamble.
 on input line 113.

(/usr/local/texlive/2014/texmf-dist/tex/latex/ms/ragged2e.sty
Package: ragged2e 2009/05/21 v2.1 ragged2e Package (MS)

(/usr/local/texlive/2014/texmf-dist/tex/latex/ms/everysel.sty
Package: everysel 2011/10/28 v1.2 EverySelectfont Package (MS)

ABD: EverySelectfont initializing macros
LaTeX Info: Redefining \selectfont on input line 126.
)
\CenteringLeftskip=\skip69
\RaggedLeftLeftskip=\skip70
\RaggedRightLeftskip=\skip71
\CenteringRightskip=\skip72
\RaggedLeftRightskip=\skip73
\RaggedRightRightskip=\skip74
\CenteringParfillskip=\skip75
\RaggedLeftParfillskip=\skip76
\RaggedRightParfillskip=\skip77
\JustifyingParfillskip=\skip78
\CenteringParindent=\skip79
\RaggedLeftParindent=\skip80
\RaggedRightParindent=\skip81
\JustifyingParindent=\skip82
) (./presentation_1.nav)
\c__siunitx_mathsf_int=\count306
LaTeX Font Info:    Try loading font information for U+msa on input line 113.

(/usr/local/texlive/2014/texmf-dist/tex/latex/amsfonts/umsa.fd
File: umsa.fd 2013/01/14 v3.01 AMS symbols A
)
LaTeX Font Info:    Try loading font information for U+msb on input line 113.

(/usr/local/texlive/2014/texmf-dist/tex/latex/amsfonts/umsb.fd
File: umsb.fd 2013/01/14 v3.01 AMS symbols B
)
LaTeX Font Info:    Try loading font information for OT1+mathkerncmss on input 
line 113.

(/usr/local/texlive/2014/texmf-dist/tex/latex/sansmathaccent/ot1mathkerncmss.fd
File: ot1mathkerncmss.fd 2013/03/27 Fontinst v1.933 font definitions for OT1/ma
thkerncmss.
)
\c__siunitx_mathtt_int=\count307
 <pics/EUTel.png, id=48, 354.32375pt x 120.45pt>
File: pics/EUTel.png Graphic file (type png)
 <use pics/EUTel.png>
Package pdftex.def Info: pics/EUTel.png used on input line 117.
(pdftex.def)             Requested size: 70.86348pt x 24.08957pt.

<pics/gbl-logo.png, id=49, 171.64125pt x 66.2475pt>
File: pics/gbl-logo.png Graphic file (type png)
 <use pics/gbl-logo.png>
Package pdftex.def Info: pics/gbl-logo.png used on input line 117.
(pdftex.def)             Requested size: 34.32764pt x 13.24925pt.

<pics/mp2-logo.png, id=51, 157.58875pt x 74.2775pt>
File: pics/mp2-logo.png Graphic file (type png)
 <use pics/mp2-logo.png>
Package pdftex.def Info: pics/mp2-logo.png used on input line 117.
(pdftex.def)             Requested size: 31.51718pt x 14.85522pt.


LaTeX Font Warning: Font shape `OT1/cmss/m/n' in size <4> not available
(Font)              size <5> substituted on input line 117.

<pics/GlaUni.png, id=52, 1487.5575pt x 544.0325pt>
File: pics/GlaUni.png Graphic file (type png)
 <use pics/GlaUni.png>
Package pdftex.def Info: pics/GlaUni.png used on input line 117.
(pdftex.def)             Requested size: 37.17976pt x 13.59746pt.

[1

{/usr/local/texlive/2014/texmf-var/fonts/map/pdftex/updmap/pdftex.map} <./pics/
GlaUni.png> <./pics/EUTel.png> <./pics/gbl-logo.png> <./pics/mp2-logo.png>]
<pics/radial.pdf, id=69, 642.4pt x 340.27126pt>
File: pics/radial.pdf Graphic file (type pdf)
 <use pics/radial.pdf>
Package pdftex.def Info: pics/radial.pdf used on input line 142.
(pdftex.def)             Requested size: 321.19922pt x 170.13521pt.
File: pics/GlaUni.png Graphic file (type png)

<use pics/GlaUni.png>
Package pdftex.def Info: pics/GlaUni.png used on input line 142.
(pdftex.def)             Requested size: 37.17976pt x 13.59746pt.
 [2

 <./pics/radial.pdf>]
File: pics/GlaUni.png Graphic file (type png)
 <use pics/GlaUni.png>
Package pdftex.def Info: pics/GlaUni.png used on input line 167.
(pdftex.def)             Requested size: 37.17976pt x 13.59746pt.
 [3

]
File: pics/GlaUni.png Graphic file (type png)

<use pics/GlaUni.png>
Package pdftex.def Info: pics/GlaUni.png used on input line 192.
(pdftex.def)             Requested size: 37.17976pt x 13.59746pt.
 [4

]
<pics/covXCut-5_5Micron.pdf, id=97, 569.12625pt x 343.2825pt>
File: pics/covXCut-5_5Micron.pdf Graphic file (type pdf)

<use pics/covXCut-5_5Micron.pdf>
Package pdftex.def Info: pics/covXCut-5_5Micron.pdf used on input line 212.
(pdftex.def)             Requested size: 171.14764pt x 103.23172pt.

<pics/posX-Cut5_5MicronErr.pdf, id=98, 569.12625pt x 343.2825pt>
File: pics/posX-Cut5_5MicronErr.pdf Graphic file (type pdf)

<use pics/posX-Cut5_5MicronErr.pdf>
Package pdftex.def Info: pics/posX-Cut5_5MicronErr.pdf used on input line 212.
(pdftex.def)             Requested size: 171.14764pt x 103.23172pt.

<pics/resXCut-5_5MicronErr.pdf, id=99, 569.12625pt x 343.2825pt>
File: pics/resXCut-5_5MicronErr.pdf Graphic file (type pdf)

<use pics/resXCut-5_5MicronErr.pdf>
Package pdftex.def Info: pics/resXCut-5_5MicronErr.pdf used on input line 212.
(pdftex.def)             Requested size: 171.14764pt x 103.23172pt.

Overfull \vbox (10.59286pt too high) detected at line 212
 []

File: pics/GlaUni.png Graphic file (type png)
<use pics/GlaUni.png>
Package pdftex.def Info: pics/GlaUni.png used on input line 212.
(pdftex.def)             Requested size: 37.17976pt x 13.59746pt.
 [5

 <./pics/covXCut-5_5Micron.pdf, page is rotated 90 degrees> <./pics/posX-Cut5_5
MicronErr.pdf, page is rotated 90 degrees> <./pics/resXCut-5_5MicronErr.pdf, pa
ge is rotated 90 degrees>]
File: pics/GlaUni.png Graphic file (type png)
 <use pics/GlaUni.png>
Package pdftex.def Info: pics/GlaUni.png used on input line 231.
(pdftex.def)             Requested size: 37.17976pt x 13.59746pt.

[6

] <pics/desy250x50AC_250x50DC_20V20.png, id=244, 497.86pt x 473.77pt>
File: pics/desy250x50AC_250x50DC_20V20.png Graphic file (type png)

<use pics/desy250x50AC_250x50DC_20V20.png>
Package pdftex.def Info: pics/desy250x50AC_250x50DC_20V20.png used on input lin
e 260.
(pdftex.def)             Requested size: 111.24492pt x 105.8635pt.

<pics/may2015Testbeam_cropped.pdf, id=245, 518.21608pt x 279.34361pt>
File: pics/may2015Testbeam_cropped.pdf Graphic file (type pdf)

<use pics/may2015Testbeam_cropped.pdf>
Package pdftex.def Info: pics/may2015Testbeam_cropped.pdf used on input line 26
0.
(pdftex.def)             Requested size: 136.91862pt x 73.80405pt.

<pics/QuadXRes73Micron.pdf, id=246, 569.12625pt x 350.30875pt>
File: pics/QuadXRes73Micron.pdf Graphic file (type pdf)

<use pics/QuadXRes73Micron.pdf>
Package pdftex.def Info: pics/QuadXRes73Micron.pdf used on input line 260.
(pdftex.def)             Requested size: 171.14764pt x 105.34465pt.
File: pics/GlaUni.png Graphic file (type png)
 <use pics/GlaUni.png>
Package pdftex.def Info: pics/GlaUni.png used on input line 260.
(pdftex.def)             Requested size: 37.17976pt x 13.59746pt.
 [7

 <./pics/desy250x50AC_250x50DC_20V20.png> <./pics/may2015Testbeam_cropped.pdf> 
<./pics/QuadXRes73Micron.pdf, page is rotated 90 degrees>]
File: pics/covXCut-5_5Micron.pdf Graphic file (type pdf)
 <use pics/covXCut-5_5Micron.pdf>
Package pdftex.def Info: pics/covXCut-5_5Micron.pdf used on input line 282.
(pdftex.def)             Requested size: 171.14764pt x 103.23172pt.
File: pics/posX-Cut5_5MicronErr.pdf Graphic file (type pdf)

<use pics/posX-Cut5_5MicronErr.pdf>
Package pdftex.def Info: pics/posX-Cut5_5MicronErr.pdf used on input line 282.
(pdftex.def)             Requested size: 171.14764pt x 103.23172pt.
File: pics/resXCut-5_5MicronErr.pdf Graphic file (type pdf)
 <use pics/resXCut-5_5MicronErr.pdf>
Package pdftex.def Info: pics/resXCut-5_5MicronErr.pdf used on input line 282.
(pdftex.def)             Requested size: 171.14764pt x 103.23172pt.

Overfull \vbox (10.59286pt too high) detected at line 282
 []

File: pics/GlaUni.png Graphic file (type png)
<use pics/GlaUni.png>
Package pdftex.def Info: pics/GlaUni.png used on input line 282.
(pdftex.def)             Requested size: 37.17976pt x 13.59746pt.
 [8

]
<pics/chi2-est.png, id=314, 1262.7175pt x 476.78125pt>
File: pics/chi2-est.png Graphic file (type png)
 <use pics/chi2-est.png>
Package pdftex.def Info: pics/chi2-est.png used on input line 307.
(pdftex.def)             Requested size: 188.26344pt x 71.08487pt.

Overfull \hbox (17.1158pt too wide) in paragraph at lines 307--307
 [][] 
 []

<pics/estimators-sensor-8.pdf, id=315, 569.12625pt x 214.8025pt>
File: pics/estimators-sensor-8.pdf Graphic file (type pdf)

<use pics/estimators-sensor-8.pdf>
Package pdftex.def Info: pics/estimators-sensor-8.pdf used on input line 307.
(pdftex.def)             Requested size: 188.26344pt x 71.05547pt.

Overfull \hbox (17.1158pt too wide) in paragraph at lines 307--307
 [][] 
 []

<pics/cauchy_1_2_5Iter.pdf, id=316, 569.12625pt x 214.8025pt>
File: pics/cauchy_1_2_5Iter.pdf Graphic file (type pdf)

<use pics/cauchy_1_2_5Iter.pdf>
Package pdftex.def Info: pics/cauchy_1_2_5Iter.pdf used on input line 307.
(pdftex.def)             Requested size: 188.26344pt x 71.05547pt.

Overfull \hbox (17.1158pt too wide) in paragraph at lines 307--307
 [][] 
 []

File: pics/GlaUni.png Graphic file (type png)
<use pics/GlaUni.png>
Package pdftex.def Info: pics/GlaUni.png used on input line 307.
(pdftex.def)             Requested size: 37.17976pt x 13.59746pt.
 [9

 <./pics/chi2-est.png> <./pics/estimators-sensor-8.pdf, page is rotated 90 degr
ees> <./pics/cauchy_1_2_5Iter.pdf, page is rotated 90 degrees>]
File: pics/GlaUni.png Graphic file (type png)
 <use pics/GlaUni.png>
Package pdftex.def Info: pics/GlaUni.png used on input line 322.
(pdftex.def)             Requested size: 37.17976pt x 13.59746pt.
 [10

]
<pics/chi2.png, id=418, 536.0025pt x 320.19624pt>
File: pics/chi2.png Graphic file (type png)
 <use pics/chi2.png>
Package pdftex.def Info: pics/chi2.png used on input line 346.
(pdftex.def)             Requested size: 136.91862pt x 81.7882pt.

<pics/residual1.png, id=419, 536.0025pt x 320.19624pt>
File: pics/residual1.png Graphic file (type png)

<use pics/residual1.png>
Package pdftex.def Info: pics/residual1.png used on input line 346.
(pdftex.def)             Requested size: 136.91862pt x 81.7882pt.
 <pics/Pos8X.png, id=420, 536.0025pt x 320.19624pt>
File: pics/Pos8X.png Graphic file (type png)

<use pics/Pos8X.png>
Package pdftex.def Info: pics/Pos8X.png used on input line 346.
(pdftex.def)             Requested size: 136.91862pt x 81.7882pt.
 <pics/slope1X.png, id=421, 536.0025pt x 320.19624pt>
File: pics/slope1X.png Graphic file (type png)

<use pics/slope1X.png>
Package pdftex.def Info: pics/slope1X.png used on input line 346.
(pdftex.def)             Requested size: 136.91862pt x 81.7882pt.
File: pics/GlaUni.png Graphic file (type png)
 <use pics/GlaUni.png>
Package pdftex.def Info: pics/GlaUni.png used on input line 346.
(pdftex.def)             Requested size: 37.17976pt x 13.59746pt.
 [11

 <./pics/chi2.png> <./pics/residual1.png> <./pics/Pos8X.png> <./pics/slope1X.pn
g>]
<pics/meas-scat-jac-link.png, id=428, 469.15276pt x 218.4963pt>
File: pics/meas-scat-jac-link.png Graphic file (type png)

<use pics/meas-scat-jac-link.png>
Package pdftex.def Info: pics/meas-scat-jac-link.png used on input line 368.
(pdftex.def)             Requested size: 234.57579pt x 109.24788pt.
File: pics/GlaUni.png Graphic file (type png)
 <use pics/GlaUni.png>
Package pdftex.def Info: pics/GlaUni.png used on input line 368.
(pdftex.def)             Requested size: 37.17976pt x 13.59746pt.
 [12

 <./pics/meas-scat-jac-link.png (PNG copy)>] <pics/prop.png, id=438, 598.03426p
t x 340.27126pt>
File: pics/prop.png Graphic file (type png)

<use pics/prop.png>
Package pdftex.def Info: pics/prop.png used on input line 389.
(pdftex.def)             Requested size: 171.14764pt x 97.3781pt.
File: pics/GlaUni.png Graphic file (type png)
 <use pics/GlaUni.png>
Package pdftex.def Info: pics/GlaUni.png used on input line 389.
(pdftex.def)             Requested size: 37.17976pt x 13.59746pt.
 [13

 <./pics/prop.png (PNG copy)>]
<pics/prop600GoodOffSensor.png, id=447, 348.1005pt x 196.3335pt>
File: pics/prop600GoodOffSensor.png Graphic file (type png)

<use pics/prop600GoodOffSensor.png>
Package pdftex.def Info: pics/prop600GoodOffSensor.png used on input line 405.
(pdftex.def)             Requested size: 222.48985pt x 125.48824pt.
File: pics/GlaUni.png Graphic file (type png)
 <use pics/GlaUni.png>
Package pdftex.def Info: pics/GlaUni.png used on input line 405.
(pdftex.def)             Requested size: 37.17976pt x 13.59746pt.
 [14

 <./pics/prop600GoodOffSensor.png (PNG copy)>]
<pics/alignBigger.png, id=455, 603.09315pt x 335.69415pt>
File: pics/alignBigger.png Graphic file (type png)

<use pics/alignBigger.png>
Package pdftex.def Info: pics/alignBigger.png used on input line 425.
(pdftex.def)             Requested size: 205.37926pt x 114.3189pt.
File: pics/GlaUni.png Graphic file (type png)
 <use pics/GlaUni.png>
Package pdftex.def Info: pics/GlaUni.png used on input line 425.
(pdftex.def)             Requested size: 37.17976pt x 13.59746pt.
 [15

 <./pics/alignBigger.png (PNG copy)>]
<pics/DataDESYNov13_GBL_DUT21_ResidualX.png, id=463, 536.0025pt x 324.21124pt>
File: pics/DataDESYNov13_GBL_DUT21_ResidualX.png Graphic file (type png)

<use pics/DataDESYNov13_GBL_DUT21_ResidualX.png>
Package pdftex.def Info: pics/DataDESYNov13_GBL_DUT21_ResidualX.png used on inp
ut line 447.
(pdftex.def)             Requested size: 136.91862pt x 82.81375pt.

<pics/DataDESYNov13_GBL_DUT21_ResidualY.png, id=464, 536.0025pt x 324.21124pt>
File: pics/DataDESYNov13_GBL_DUT21_ResidualY.png Graphic file (type png)

<use pics/DataDESYNov13_GBL_DUT21_ResidualY.png>
Package pdftex.def Info: pics/DataDESYNov13_GBL_DUT21_ResidualY.png used on inp
ut line 447.
(pdftex.def)             Requested size: 136.91862pt x 82.81375pt.

<pics/DESYNOV13_DUT21_ResidualX.png, id=465, 536.0025pt x 324.21124pt>
File: pics/DESYNOV13_DUT21_ResidualX.png Graphic file (type png)

<use pics/DESYNOV13_DUT21_ResidualX.png>
Package pdftex.def Info: pics/DESYNOV13_DUT21_ResidualX.png used on input line 
447.
(pdftex.def)             Requested size: 136.91862pt x 82.81375pt.

<pics/DESYNOV13_DUT21_ResidualY.png, id=466, 536.0025pt x 324.21124pt>
File: pics/DESYNOV13_DUT21_ResidualY.png Graphic file (type png)

<use pics/DESYNOV13_DUT21_ResidualY.png>
Package pdftex.def Info: pics/DESYNOV13_DUT21_ResidualY.png used on input line 
447.
(pdftex.def)             Requested size: 136.91862pt x 82.81375pt.
File: pics/GlaUni.png Graphic file (type png)
 <use pics/GlaUni.png>
Package pdftex.def Info: pics/GlaUni.png used on input line 447.
(pdftex.def)             Requested size: 37.17976pt x 13.59746pt.
 [16

 <./pics/DataDESYNov13_GBL_DUT21_ResidualX.png> <./pics/DataDESYNov13_GBL_DUT21
_ResidualY.png> <./pics/DESYNOV13_DUT21_ResidualX.png> <./pics/DESYNOV13_DUT21_
ResidualY.png>] <pics/HitMapQuadAfterTrack.pdf, id=475, 569.12625pt x 350.30875
pt>
File: pics/HitMapQuadAfterTrack.pdf Graphic file (type pdf)

<use pics/HitMapQuadAfterTrack.pdf>
Package pdftex.def Info: pics/HitMapQuadAfterTrack.pdf used on input line 477.
(pdftex.def)             Requested size: 136.91862pt x 84.27359pt.

<pics/kinksQuad.pdf, id=476, 569.12625pt x 350.30875pt>
File: pics/kinksQuad.pdf Graphic file (type pdf)

<use pics/kinksQuad.pdf>
Package pdftex.def Info: pics/kinksQuad.pdf used on input line 477.
(pdftex.def)             Requested size: 136.91862pt x 84.27359pt.
File: pics/QuadXRes73Micron.pdf Graphic file (type pdf)
 <use pics/QuadXRes73Micron.pdf>
Package pdftex.def Info: pics/QuadXRes73Micron.pdf used on input line 477.
(pdftex.def)             Requested size: 136.91862pt x 84.27359pt.
LaTeX Font Info:    Try loading font information for TS1+cmss on input line 477
.

(/usr/local/texlive/2014/texmf-dist/tex/latex/base/ts1cmss.fd
File: ts1cmss.fd 1999/05/25 v2.5h Standard LaTeX font definitions
)
File: pics/GlaUni.png Graphic file (type png)

<use pics/GlaUni.png>
Package pdftex.def Info: pics/GlaUni.png used on input line 477.
(pdftex.def)             Requested size: 37.17976pt x 13.59746pt.
 [17

 <./pics/HitMapQuadAfterTrack.pdf, page is rotated 90 degrees> <./pics/kinksQua
d.pdf, page is rotated 90 degrees>]
File: pics/desy250x50AC_250x50DC_20V20.png Graphic file (type png)

<use pics/desy250x50AC_250x50DC_20V20.png>
Package pdftex.def Info: pics/desy250x50AC_250x50DC_20V20.png used on input lin
e 506.
(pdftex.def)             Requested size: 111.24492pt x 105.8635pt.

<pics/desy250x50AC_250x50DC_20V21.png, id=571, 497.86pt x 473.77pt>
File: pics/desy250x50AC_250x50DC_20V21.png Graphic file (type png)

<use pics/desy250x50AC_250x50DC_20V21.png>
Package pdftex.def Info: pics/desy250x50AC_250x50DC_20V21.png used on input lin
e 506.
(pdftex.def)             Requested size: 111.24492pt x 105.8635pt.

<pics/desy250x50irad_250x50DC_200V20.png, id=572, 497.86pt x 473.77pt>
File: pics/desy250x50irad_250x50DC_200V20.png Graphic file (type png)

<use pics/desy250x50irad_250x50DC_200V20.png>
Package pdftex.def Info: pics/desy250x50irad_250x50DC_200V20.png used on input 
line 506.
(pdftex.def)             Requested size: 111.24492pt x 105.8635pt.
File: pics/GlaUni.png Graphic file (type png)
 <use pics/GlaUni.png>
Package pdftex.def Info: pics/GlaUni.png used on input line 506.
(pdftex.def)             Requested size: 37.17976pt x 13.59746pt.
 [18

 <./pics/desy250x50AC_250x50DC_20V21.png> <./pics/desy250x50irad_250x50DC_200V2
0.png>]
File: pics/may2015Testbeam_cropped.pdf Graphic file (type pdf)

<use pics/may2015Testbeam_cropped.pdf>
Package pdftex.def Info: pics/may2015Testbeam_cropped.pdf used on input line 53
4.
(pdftex.def)             Requested size: 154.03183pt x 83.03221pt.

<pics/eff_strip.pdf, id=583, 528.25359pt x 299.44873pt>
File: pics/eff_strip.pdf Graphic file (type pdf)

<use pics/eff_strip.pdf>
Package pdftex.def Info: pics/eff_strip.pdf used on input line 534.
(pdftex.def)             Requested size: 154.03183pt x 87.3131pt.

<pics/eff_strip_single_cropped.pdf, id=584, 518.21608pt x 295.4237pt>
File: pics/eff_strip_single_cropped.pdf Graphic file (type pdf)

<use pics/eff_strip_single_cropped.pdf>
Package pdftex.def Info: pics/eff_strip_single_cropped.pdf used on input line 5
34.
(pdftex.def)             Requested size: 154.03183pt x 87.81187pt.
File: pics/GlaUni.png Graphic file (type png)
 <use pics/GlaUni.png>
Package pdftex.def Info: pics/GlaUni.png used on input line 534.
(pdftex.def)             Requested size: 37.17976pt x 13.59746pt.
 [19

 <./pics/eff_strip.pdf> <./pics/eff_strip_single_cropped.pdf

pdfTeX warning: /usr/texbin/pdflatex (file ./pics/eff_strip_single_cropped.pdf)
: PDF inclusion: multiple pdfs with page group included in a single page
>]
File: pics/GlaUni.png Graphic file (type png)
 <use pics/GlaUni.png>
Package pdftex.def Info: pics/GlaUni.png used on input line 550.
(pdftex.def)             Requested size: 37.17976pt x 13.59746pt.
 [20

]
File: pics/GlaUni.png Graphic file (type png)
 <use pics/GlaUni.png>
Package pdftex.def Info: pics/GlaUni.png used on input line 554.
(pdftex.def)             Requested size: 37.17976pt x 13.59746pt.
 [21

]
<pics/beamE3B1.pdf, id=621, 569.12625pt x 594.22pt>
File: pics/beamE3B1.pdf Graphic file (type pdf)
 <use pics/beamE3B1.pdf>
Package pdftex.def Info: pics/beamE3B1.pdf used on input line 565.
(pdftex.def)             Requested size: 154.03183pt x 160.82236pt.
File: pics/GlaUni.png Graphic file (type png)

<use pics/GlaUni.png>
Package pdftex.def Info: pics/GlaUni.png used on input line 565.
(pdftex.def)             Requested size: 37.17976pt x 13.59746pt.
 [22

 <./pics/beamE3B1.pdf>]
<pics/chi_new.pdf, id=671, 569.12625pt x 350.30875pt>
File: pics/chi_new.pdf Graphic file (type pdf)
 <use pics/chi_new.pdf>
Package pdftex.def Info: pics/chi_new.pdf used on input line 594.
(pdftex.def)             Requested size: 154.03183pt x 94.80913pt.

<pics/inc_new.pdf, id=672, 569.12625pt x 350.30875pt>
File: pics/inc_new.pdf Graphic file (type pdf)
 <use pics/inc_new.pdf>
Package pdftex.def Info: pics/inc_new.pdf used on input line 594.
(pdftex.def)             Requested size: 154.03183pt x 94.80913pt.

<pics/Res_new.pdf, id=673, 569.12625pt x 350.30875pt>
File: pics/Res_new.pdf Graphic file (type pdf)
 <use pics/Res_new.pdf>
Package pdftex.def Info: pics/Res_new.pdf used on input line 594.
(pdftex.def)             Requested size: 154.03183pt x 94.80913pt.
File: pics/GlaUni.png Graphic file (type png)

<use pics/GlaUni.png>
Package pdftex.def Info: pics/GlaUni.png used on input line 594.
(pdftex.def)             Requested size: 37.17976pt x 13.59746pt.
 [23

 <./pics/chi_new.pdf, page is rotated 90 degrees> <./pics/inc_new.pdf, page is 
rotated 90 degrees> <./pics/Res_new.pdf, page is rotated 90 degrees>] <pics/set
up.JPG, id=811, 4015.0pt x 3011.25pt>
File: pics/setup.JPG Graphic file (type jpg)

<use pics/setup.JPG>
Package pdftex.def Info: pics/setup.JPG used on input line 619.
(pdftex.def)             Requested size: 120.4448pt x 90.3336pt.

Overfull \hbox (17.75517pt too wide) in paragraph at lines 619--619
[][][][][]  
 []

File: pics/GlaUni.png Graphic file (type png)
<use pics/GlaUni.png>
Package pdftex.def Info: pics/GlaUni.png used on input line 619.
(pdftex.def)             Requested size: 37.17976pt x 13.59746pt.
 [24

 <./pics/setup.JPG>]
File: pics/GlaUni.png Graphic file (type png)
 <use pics/GlaUni.png>
Package pdftex.def Info: pics/GlaUni.png used on input line 639.
(pdftex.def)             Requested size: 37.17976pt x 13.59746pt.
 [25

]
<pics/DoubletCenDist-442.pdf, id=837, 569.12625pt x 292.09125pt>
File: pics/DoubletCenDist-442.pdf Graphic file (type pdf)

<use pics/DoubletCenDist-442.pdf>
Package pdftex.def Info: pics/DoubletCenDist-442.pdf used on input line 663.
(pdftex.def)             Requested size: 170.73918pt x 87.62804pt.
File: pics/GlaUni.png Graphic file (type png)
 <use pics/GlaUni.png>
Package pdftex.def Info: pics/GlaUni.png used on input line 663.
(pdftex.def)             Requested size: 37.17976pt x 13.59746pt.
 [26

 <./pics/DoubletCenDist-442.pdf, page is rotated 90 degrees>]
File: pics/GlaUni.png Graphic file (type png)
 <use pics/GlaUni.png>
Package pdftex.def Info: pics/GlaUni.png used on input line 687.
(pdftex.def)             Requested size: 37.17976pt x 13.59746pt.
 [27

]
<pics/EUTelFullRecoChain.pdf, id=896, 1223.46857pt x 1223.46857pt>
File: pics/EUTelFullRecoChain.pdf Graphic file (type pdf)

<use pics/EUTelFullRecoChain.pdf>
Package pdftex.def Info: pics/EUTelFullRecoChain.pdf used on input line 713.
(pdftex.def)             Requested size: 159.05649pt x 159.05649pt.
File: pics/GlaUni.png Graphic file (type png)
 <use pics/GlaUni.png>
Package pdftex.def Info: pics/GlaUni.png used on input line 713.
(pdftex.def)             Requested size: 37.17976pt x 13.59746pt.
 [28

 <./pics/EUTelFullRecoChain.pdf>]
File: pics/EUTelFullRecoChain.pdf Graphic file (type pdf)
 <use pics/EUTelFullRecoChain.pdf>
Package pdftex.def Info: pics/EUTelFullRecoChain.pdf used on input line 713.
(pdftex.def)             Requested size: 159.05649pt x 159.05649pt.
File: pics/GlaUni.png Graphic file (type png)
 <use pics/GlaUni.png>
Package pdftex.def Info: pics/GlaUni.png used on input line 713.
(pdftex.def)             Requested size: 37.17976pt x 13.59746pt.
 [29

]
File: pics/EUTelFullRecoChain.pdf Graphic file (type pdf)

<use pics/EUTelFullRecoChain.pdf>
Package pdftex.def Info: pics/EUTelFullRecoChain.pdf used on input line 713.
(pdftex.def)             Requested size: 159.05649pt x 159.05649pt.
File: pics/GlaUni.png Graphic file (type png)
 <use pics/GlaUni.png>
Package pdftex.def Info: pics/GlaUni.png used on input line 713.
(pdftex.def)             Requested size: 37.17976pt x 13.59746pt.
 [30

]
File: pics/EUTelFullRecoChain.pdf Graphic file (type pdf)

<use pics/EUTelFullRecoChain.pdf>
Package pdftex.def Info: pics/EUTelFullRecoChain.pdf used on input line 713.
(pdftex.def)             Requested size: 159.05649pt x 159.05649pt.
File: pics/GlaUni.png Graphic file (type png)
 <use pics/GlaUni.png>
Package pdftex.def Info: pics/GlaUni.png used on input line 713.
(pdftex.def)             Requested size: 37.17976pt x 13.59746pt.
 [31

]
File: pics/EUTelFullRecoChain.pdf Graphic file (type pdf)

<use pics/EUTelFullRecoChain.pdf>
Package pdftex.def Info: pics/EUTelFullRecoChain.pdf used on input line 713.
(pdftex.def)             Requested size: 159.05649pt x 159.05649pt.
File: pics/GlaUni.png Graphic file (type png)
 <use pics/GlaUni.png>
Package pdftex.def Info: pics/GlaUni.png used on input line 713.
(pdftex.def)             Requested size: 37.17976pt x 13.59746pt.
 [32

]

LaTeX Warning: Reference `Scat' on page 33 undefined on input line 727.


LaTeX Warning: Reference `Scat' on page 33 undefined on input line 727.


LaTeX Warning: Reference `Scat' on page 33 undefined on input line 727.

File: pics/GlaUni.png Graphic file (type png)
<use pics/GlaUni.png>
Package pdftex.def Info: pics/GlaUni.png used on input line 727.
(pdftex.def)             Requested size: 37.17976pt x 13.59746pt.
 [33

]
\tf@nav=\write7
\openout7 = `presentation_1.nav'.

\tf@toc=\write8
\openout8 = `presentation_1.toc'.

\tf@snm=\write9
\openout9 = `presentation_1.snm'.

Package atveryend Info: Empty hook `BeforeClearDocument' on input line 730.
Package atveryend Info: Empty hook `AfterLastShipout' on input line 730.
 (./presentation_1.aux)
Package atveryend Info: Executing hook `AtVeryEndDocument' on input line 730.
Package atveryend Info: Executing hook `AtEndAfterFileList' on input line 730.


Package rerunfilecheck Warning: File `presentation_1.out' has changed.
(rerunfilecheck)                Rerun to get outlines right
(rerunfilecheck)                or use package `bookmark'.

Package rerunfilecheck Info: Checksums for `presentation_1.out':
(rerunfilecheck)             Before: C31C4E41FDEFFB988F70C7D08291F333;48
(rerunfilecheck)             After:  955B1677F7E574D46DC74C4E489F1CC9;1202.

LaTeX Font Warning: Size substitutions with differences
(Font)              up to 1.0pt have occurred.


LaTeX Warning: There were undefined references.


LaTeX Warning: Label(s) may have changed. Rerun to get cross-references right.

Package atveryend Info: Empty hook `AtVeryVeryEnd' on input line 730.
 ) 
Here is how much of TeX's memory you used:
 37822 strings out of 493117
 901969 string characters out of 6135432
 1003432 words of memory out of 5000000
 40490 multiletter control sequences out of 15000+600000
 20219 words of font info for 75 fonts, out of 8000000 for 9000
 1141 hyphenation exceptions out of 8191
 56i,19n,78p,10428b,1180s stack positions out of 5000i,500n,10000p,200000b,80000s
{/usr/local/texlive/2014/texmf-dist/fonts/enc/dvips/cm-super/cm-super-ts1.enc
}</usr/local/texlive/2014/texmf-dist/fonts/type1/public/amsfonts/cm/cmmi10.pfb>
</usr/local/texlive/2014/texmf-dist/fonts/type1/public/amsfonts/cm/cmmi6.pfb></
usr/local/texlive/2014/texmf-dist/fonts/type1/public/amsfonts/cm/cmss10.pfb></u
sr/local/texlive/2014/texmf-dist/fonts/type1/public/amsfonts/cm/cmss12.pfb></us
r/local/texlive/2014/texmf-dist/fonts/type1/public/amsfonts/cm/cmss8.pfb></usr/
local/texlive/2014/texmf-dist/fonts/type1/public/amsfonts/cm/cmss9.pfb></usr/lo
cal/texlive/2014/texmf-dist/fonts/type1/public/amsfonts/cm/cmssbx10.pfb></usr/l
ocal/texlive/2014/texmf-dist/fonts/type1/public/amsfonts/cm/cmssi10.pfb></usr/l
ocal/texlive/2014/texmf-dist/fonts/type1/public/amsfonts/cm/cmssi8.pfb></usr/lo
cal/texlive/2014/texmf-dist/fonts/type1/public/amsfonts/cm/cmsy10.pfb></usr/loc
al/texlive/2014/texmf-dist/fonts/type1/public/amsfonts/cm/cmsy5.pfb></usr/local
/texlive/2014/texmf-dist/fonts/type1/public/amsfonts/cm/cmsy6.pfb></usr/local/t
exlive/2014/texmf-dist/fonts/type1/public/amsfonts/cm/cmsy9.pfb></usr/local/tex
live/2014/texmf-dist/fonts/type1/public/cm-super/sfss0600.pfb></usr/local/texli
ve/2014/texmf-dist/fonts/type1/public/cm-super/sfss1000.pfb>
Output written on presentation_1.pdf (33 pages, 7586820 bytes).
PDF statistics:
 1021 PDF objects out of 1200 (max. 8388607)
 562 compressed objects within 6 object streams
 90 named destinations out of 1000 (max. 500000)
 372 words of extra memory for PDF output out of 10000 (max. 10000000)

